The system is: Linux - 4.6.2-1-ARCH - x86_64
Compiling the C compiler identification source file "CMakeCCompilerId.c" succeeded.
Compiler: /usr/bin/cc_args.py gcc
Build flags: 
Id flags: 

The output was:
0


Compilation of the C compiler identification source "CMakeCCompilerId.c" produced ".clang_complete"

Compilation of the C compiler identification source "CMakeCCompilerId.c" produced "a.out"

The C compiler identification is GNU, found in "/home/javier/Code/cpp/systhemer/build/CMakeFiles/3.5.2/CompilerIdC/a.out"

Compiling the CXX compiler identification source file "CMakeCXXCompilerId.cpp" succeeded.
Compiler: /usr/bin/cc_args.py g++
Build flags: 
Id flags: 

The output was:
0


Compilation of the CXX compiler identification source "CMakeCXXCompilerId.cpp" produced ".clang_complete"

Compilation of the CXX compiler identification source "CMakeCXXCompilerId.cpp" produced "a.out"

The CXX compiler identification is GNU, found in "/home/javier/Code/cpp/systhemer/build/CMakeFiles/3.5.2/CompilerIdCXX/a.out"

Determining if the C compiler works passed with the following output:
Change Dir: /home/javier/Code/cpp/systhemer/build/CMakeFiles/CMakeTmp

Run Build Command:"/usr/bin/make" "cmTC_63a80/fast"
/usr/bin/make -f CMakeFiles/cmTC_63a80.dir/build.make CMakeFiles/cmTC_63a80.dir/build
make[1]: Entering directory '/home/javier/Code/cpp/systhemer/build/CMakeFiles/CMakeTmp'
Building C object CMakeFiles/cmTC_63a80.dir/testCCompiler.c.o
/usr/bin/cc_args.py  gcc    -o CMakeFiles/cmTC_63a80.dir/testCCompiler.c.o   -c /home/javier/Code/cpp/systhemer/build/CMakeFiles/CMakeTmp/testCCompiler.c
Linking C executable cmTC_63a80
/usr/bin/cmake -E cmake_link_script CMakeFiles/cmTC_63a80.dir/link.txt --verbose=1
/usr/bin/cc_args.py  gcc      CMakeFiles/cmTC_63a80.dir/testCCompiler.c.o  -o cmTC_63a80 -rdynamic 
make[1]: Leaving directory '/home/javier/Code/cpp/systhemer/build/CMakeFiles/CMakeTmp'


Detecting C compiler ABI info compiled with the following output:
Change Dir: /home/javier/Code/cpp/systhemer/build/CMakeFiles/CMakeTmp

Run Build Command:"/usr/bin/make" "cmTC_5cf2c/fast"
/usr/bin/make -f CMakeFiles/cmTC_5cf2c.dir/build.make CMakeFiles/cmTC_5cf2c.dir/build
make[1]: Entering directory '/home/javier/Code/cpp/systhemer/build/CMakeFiles/CMakeTmp'
Building C object CMakeFiles/cmTC_5cf2c.dir/CMakeCCompilerABI.c.o
/usr/bin/cc_args.py  gcc    -o CMakeFiles/cmTC_5cf2c.dir/CMakeCCompilerABI.c.o   -c /usr/share/cmake-3.5/Modules/CMakeCCompilerABI.c
Linking C executable cmTC_5cf2c
/usr/bin/cmake -E cmake_link_script CMakeFiles/cmTC_5cf2c.dir/link.txt --verbose=1
/usr/bin/cc_args.py  gcc     -v CMakeFiles/cmTC_5cf2c.dir/CMakeCCompilerABI.c.o  -o cmTC_5cf2c -rdynamic  
Using built-in specs.
COLLECT_GCC=gcc
COLLECT_LTO_WRAPPER=/usr/lib/gcc/x86_64-pc-linux-gnu/6.1.1/lto-wrapper
Target: x86_64-pc-linux-gnu
Configured with: /build/gcc-multilib/src/gcc/configure --prefix=/usr --libdir=/usr/lib --libexecdir=/usr/lib --mandir=/usr/share/man --infodir=/usr/share/info --with-bugurl=https://bugs.archlinux.org/ --enable-languages=c,c++,ada,fortran,go,lto,objc,obj-c++ --enable-shared --enable-threads=posix --enable-libmpx --with-system-zlib --with-isl --enable-__cxa_atexit --disable-libunwind-exceptions --enable-clocale=gnu --disable-libstdcxx-pch --disable-libssp --enable-gnu-unique-object --enable-linker-build-id --enable-lto --enable-plugin --enable-install-libiberty --with-linker-hash-style=gnu --enable-gnu-indirect-function --enable-multilib --disable-werror --enable-checking=release
Thread model: posix
gcc version 6.1.1 20160602 (GCC) 
COMPILER_PATH=/usr/lib/gcc/x86_64-pc-linux-gnu/6.1.1/:/usr/lib/gcc/x86_64-pc-linux-gnu/6.1.1/:/usr/lib/gcc/x86_64-pc-linux-gnu/:/usr/lib/gcc/x86_64-pc-linux-gnu/6.1.1/:/usr/lib/gcc/x86_64-pc-linux-gnu/
LIBRARY_PATH=/usr/lib/gcc/x86_64-pc-linux-gnu/6.1.1/:/usr/lib/gcc/x86_64-pc-linux-gnu/6.1.1/../../../../lib/:/lib/../lib/:/usr/lib/../lib/:/usr/lib/gcc/x86_64-pc-linux-gnu/6.1.1/../../../:/lib/:/usr/lib/
COLLECT_GCC_OPTIONS='-v' '-o' 'cmTC_5cf2c' '-rdynamic' '-mtune=generic' '-march=x86-64'
 /usr/lib/gcc/x86_64-pc-linux-gnu/6.1.1/collect2 -plugin /usr/lib/gcc/x86_64-pc-linux-gnu/6.1.1/liblto_plugin.so -plugin-opt=/usr/lib/gcc/x86_64-pc-linux-gnu/6.1.1/lto-wrapper -plugin-opt=-fresolution=/tmp/ccmTpC3a.res -plugin-opt=-pass-through=-lgcc -plugin-opt=-pass-through=-lgcc_s -plugin-opt=-pass-through=-lc -plugin-opt=-pass-through=-lgcc -plugin-opt=-pass-through=-lgcc_s --build-id --eh-frame-hdr --hash-style=gnu -m elf_x86_64 -export-dynamic -dynamic-linker /lib64/ld-linux-x86-64.so.2 -o cmTC_5cf2c /usr/lib/gcc/x86_64-pc-linux-gnu/6.1.1/../../../../lib/crt1.o /usr/lib/gcc/x86_64-pc-linux-gnu/6.1.1/../../../../lib/crti.o /usr/lib/gcc/x86_64-pc-linux-gnu/6.1.1/crtbegin.o -L/usr/lib/gcc/x86_64-pc-linux-gnu/6.1.1 -L/usr/lib/gcc/x86_64-pc-linux-gnu/6.1.1/../../../../lib -L/lib/../lib -L/usr/lib/../lib -L/usr/lib/gcc/x86_64-pc-linux-gnu/6.1.1/../../.. CMakeFiles/cmTC_5cf2c.dir/CMakeCCompilerABI.c.o -lgcc --as-needed -lgcc_s --no-as-needed -lc -lgcc --as-needed -lgcc_s --no-as-needed /usr/lib/gcc/x86_64-pc-linux-gnu/6.1.1/crtend.o /usr/lib/gcc/x86_64-pc-linux-gnu/6.1.1/../../../../lib/crtn.o
COLLECT_GCC_OPTIONS='-v' '-o' 'cmTC_5cf2c' '-rdynamic' '-mtune=generic' '-march=x86-64'
make[1]: Leaving directory '/home/javier/Code/cpp/systhemer/build/CMakeFiles/CMakeTmp'


Parsed C implicit link information from above output:
  link line regex: [^( *|.*[/\])(ld|([^/\]+-)?ld|collect2)[^/\]*( |$)]
  ignore line: [Change Dir: /home/javier/Code/cpp/systhemer/build/CMakeFiles/CMakeTmp]
  ignore line: []
  ignore line: [Run Build Command:"/usr/bin/make" "cmTC_5cf2c/fast"]
  ignore line: [/usr/bin/make -f CMakeFiles/cmTC_5cf2c.dir/build.make CMakeFiles/cmTC_5cf2c.dir/build]
  ignore line: [make[1]: Entering directory '/home/javier/Code/cpp/systhemer/build/CMakeFiles/CMakeTmp']
  ignore line: [Building C object CMakeFiles/cmTC_5cf2c.dir/CMakeCCompilerABI.c.o]
  ignore line: [/usr/bin/cc_args.py  gcc    -o CMakeFiles/cmTC_5cf2c.dir/CMakeCCompilerABI.c.o   -c /usr/share/cmake-3.5/Modules/CMakeCCompilerABI.c]
  ignore line: [Linking C executable cmTC_5cf2c]
  ignore line: [/usr/bin/cmake -E cmake_link_script CMakeFiles/cmTC_5cf2c.dir/link.txt --verbose=1]
  ignore line: [/usr/bin/cc_args.py  gcc     -v CMakeFiles/cmTC_5cf2c.dir/CMakeCCompilerABI.c.o  -o cmTC_5cf2c -rdynamic  ]
  ignore line: [Using built-in specs.]
  ignore line: [COLLECT_GCC=gcc]
  ignore line: [COLLECT_LTO_WRAPPER=/usr/lib/gcc/x86_64-pc-linux-gnu/6.1.1/lto-wrapper]
  ignore line: [Target: x86_64-pc-linux-gnu]
  ignore line: [Configured with: /build/gcc-multilib/src/gcc/configure --prefix=/usr --libdir=/usr/lib --libexecdir=/usr/lib --mandir=/usr/share/man --infodir=/usr/share/info --with-bugurl=https://bugs.archlinux.org/ --enable-languages=c,c++,ada,fortran,go,lto,objc,obj-c++ --enable-shared --enable-threads=posix --enable-libmpx --with-system-zlib --with-isl --enable-__cxa_atexit --disable-libunwind-exceptions --enable-clocale=gnu --disable-libstdcxx-pch --disable-libssp --enable-gnu-unique-object --enable-linker-build-id --enable-lto --enable-plugin --enable-install-libiberty --with-linker-hash-style=gnu --enable-gnu-indirect-function --enable-multilib --disable-werror --enable-checking=release]
  ignore line: [Thread model: posix]
  ignore line: [gcc version 6.1.1 20160602 (GCC) ]
  ignore line: [COMPILER_PATH=/usr/lib/gcc/x86_64-pc-linux-gnu/6.1.1/:/usr/lib/gcc/x86_64-pc-linux-gnu/6.1.1/:/usr/lib/gcc/x86_64-pc-linux-gnu/:/usr/lib/gcc/x86_64-pc-linux-gnu/6.1.1/:/usr/lib/gcc/x86_64-pc-linux-gnu/]
  ignore line: [LIBRARY_PATH=/usr/lib/gcc/x86_64-pc-linux-gnu/6.1.1/:/usr/lib/gcc/x86_64-pc-linux-gnu/6.1.1/../../../../lib/:/lib/../lib/:/usr/lib/../lib/:/usr/lib/gcc/x86_64-pc-linux-gnu/6.1.1/../../../:/lib/:/usr/lib/]
  ignore line: [COLLECT_GCC_OPTIONS='-v' '-o' 'cmTC_5cf2c' '-rdynamic' '-mtune=generic' '-march=x86-64']
  link line: [ /usr/lib/gcc/x86_64-pc-linux-gnu/6.1.1/collect2 -plugin /usr/lib/gcc/x86_64-pc-linux-gnu/6.1.1/liblto_plugin.so -plugin-opt=/usr/lib/gcc/x86_64-pc-linux-gnu/6.1.1/lto-wrapper -plugin-opt=-fresolution=/tmp/ccmTpC3a.res -plugin-opt=-pass-through=-lgcc -plugin-opt=-pass-through=-lgcc_s -plugin-opt=-pass-through=-lc -plugin-opt=-pass-through=-lgcc -plugin-opt=-pass-through=-lgcc_s --build-id --eh-frame-hdr --hash-style=gnu -m elf_x86_64 -export-dynamic -dynamic-linker /lib64/ld-linux-x86-64.so.2 -o cmTC_5cf2c /usr/lib/gcc/x86_64-pc-linux-gnu/6.1.1/../../../../lib/crt1.o /usr/lib/gcc/x86_64-pc-linux-gnu/6.1.1/../../../../lib/crti.o /usr/lib/gcc/x86_64-pc-linux-gnu/6.1.1/crtbegin.o -L/usr/lib/gcc/x86_64-pc-linux-gnu/6.1.1 -L/usr/lib/gcc/x86_64-pc-linux-gnu/6.1.1/../../../../lib -L/lib/../lib -L/usr/lib/../lib -L/usr/lib/gcc/x86_64-pc-linux-gnu/6.1.1/../../.. CMakeFiles/cmTC_5cf2c.dir/CMakeCCompilerABI.c.o -lgcc --as-needed -lgcc_s --no-as-needed -lc -lgcc --as-needed -lgcc_s --no-as-needed /usr/lib/gcc/x86_64-pc-linux-gnu/6.1.1/crtend.o /usr/lib/gcc/x86_64-pc-linux-gnu/6.1.1/../../../../lib/crtn.o]
    arg [/usr/lib/gcc/x86_64-pc-linux-gnu/6.1.1/collect2] ==> ignore
    arg [-plugin] ==> ignore
    arg [/usr/lib/gcc/x86_64-pc-linux-gnu/6.1.1/liblto_plugin.so] ==> ignore
    arg [-plugin-opt=/usr/lib/gcc/x86_64-pc-linux-gnu/6.1.1/lto-wrapper] ==> ignore
    arg [-plugin-opt=-fresolution=/tmp/ccmTpC3a.res] ==> ignore
    arg [-plugin-opt=-pass-through=-lgcc] ==> ignore
    arg [-plugin-opt=-pass-through=-lgcc_s] ==> ignore
    arg [-plugin-opt=-pass-through=-lc] ==> ignore
    arg [-plugin-opt=-pass-through=-lgcc] ==> ignore
    arg [-plugin-opt=-pass-through=-lgcc_s] ==> ignore
    arg [--build-id] ==> ignore
    arg [--eh-frame-hdr] ==> ignore
    arg [--hash-style=gnu] ==> ignore
    arg [-m] ==> ignore
    arg [elf_x86_64] ==> ignore
    arg [-export-dynamic] ==> ignore
    arg [-dynamic-linker] ==> ignore
    arg [/lib64/ld-linux-x86-64.so.2] ==> ignore
    arg [-o] ==> ignore
    arg [cmTC_5cf2c] ==> ignore
    arg [/usr/lib/gcc/x86_64-pc-linux-gnu/6.1.1/../../../../lib/crt1.o] ==> ignore
    arg [/usr/lib/gcc/x86_64-pc-linux-gnu/6.1.1/../../../../lib/crti.o] ==> ignore
    arg [/usr/lib/gcc/x86_64-pc-linux-gnu/6.1.1/crtbegin.o] ==> ignore
    arg [-L/usr/lib/gcc/x86_64-pc-linux-gnu/6.1.1] ==> dir [/usr/lib/gcc/x86_64-pc-linux-gnu/6.1.1]
    arg [-L/usr/lib/gcc/x86_64-pc-linux-gnu/6.1.1/../../../../lib] ==> dir [/usr/lib/gcc/x86_64-pc-linux-gnu/6.1.1/../../../../lib]
    arg [-L/lib/../lib] ==> dir [/lib/../lib]
    arg [-L/usr/lib/../lib] ==> dir [/usr/lib/../lib]
    arg [-L/usr/lib/gcc/x86_64-pc-linux-gnu/6.1.1/../../..] ==> dir [/usr/lib/gcc/x86_64-pc-linux-gnu/6.1.1/../../..]
    arg [CMakeFiles/cmTC_5cf2c.dir/CMakeCCompilerABI.c.o] ==> ignore
    arg [-lgcc] ==> lib [gcc]
    arg [--as-needed] ==> ignore
    arg [-lgcc_s] ==> lib [gcc_s]
    arg [--no-as-needed] ==> ignore
    arg [-lc] ==> lib [c]
    arg [-lgcc] ==> lib [gcc]
    arg [--as-needed] ==> ignore
    arg [-lgcc_s] ==> lib [gcc_s]
    arg [--no-as-needed] ==> ignore
    arg [/usr/lib/gcc/x86_64-pc-linux-gnu/6.1.1/crtend.o] ==> ignore
    arg [/usr/lib/gcc/x86_64-pc-linux-gnu/6.1.1/../../../../lib/crtn.o] ==> ignore
  remove lib [gcc]
  remove lib [gcc_s]
  remove lib [gcc]
  remove lib [gcc_s]
  collapse library dir [/usr/lib/gcc/x86_64-pc-linux-gnu/6.1.1] ==> [/usr/lib/gcc/x86_64-pc-linux-gnu/6.1.1]
  collapse library dir [/usr/lib/gcc/x86_64-pc-linux-gnu/6.1.1/../../../../lib] ==> [/usr/lib]
  collapse library dir [/lib/../lib] ==> [/lib]
  collapse library dir [/usr/lib/../lib] ==> [/usr/lib]
  collapse library dir [/usr/lib/gcc/x86_64-pc-linux-gnu/6.1.1/../../..] ==> [/usr/lib]
  implicit libs: [c]
  implicit dirs: [/usr/lib/gcc/x86_64-pc-linux-gnu/6.1.1;/usr/lib;/lib]
  implicit fwks: []




Detecting C [-std=c11] compiler features compiled with the following output:
Change Dir: /home/javier/Code/cpp/systhemer/build/CMakeFiles/CMakeTmp

Run Build Command:"/usr/bin/make" "cmTC_7193d/fast"
/usr/bin/make -f CMakeFiles/cmTC_7193d.dir/build.make CMakeFiles/cmTC_7193d.dir/build
make[1]: Entering directory '/home/javier/Code/cpp/systhemer/build/CMakeFiles/CMakeTmp'
Building C object CMakeFiles/cmTC_7193d.dir/feature_tests.c.o
/usr/bin/cc_args.py  gcc   -std=c11 -o CMakeFiles/cmTC_7193d.dir/feature_tests.c.o   -c /home/javier/Code/cpp/systhemer/build/CMakeFiles/feature_tests.c
Linking C executable cmTC_7193d
/usr/bin/cmake -E cmake_link_script CMakeFiles/cmTC_7193d.dir/link.txt --verbose=1
/usr/bin/cc_args.py  gcc      CMakeFiles/cmTC_7193d.dir/feature_tests.c.o  -o cmTC_7193d -rdynamic 
make[1]: Leaving directory '/home/javier/Code/cpp/systhemer/build/CMakeFiles/CMakeTmp'


    Feature record: C_FEATURE:1c_function_prototypes
    Feature record: C_FEATURE:1c_restrict
    Feature record: C_FEATURE:1c_static_assert
    Feature record: C_FEATURE:1c_variadic_macros


Detecting C [-std=c99] compiler features compiled with the following output:
Change Dir: /home/javier/Code/cpp/systhemer/build/CMakeFiles/CMakeTmp

Run Build Command:"/usr/bin/make" "cmTC_4bfea/fast"
/usr/bin/make -f CMakeFiles/cmTC_4bfea.dir/build.make CMakeFiles/cmTC_4bfea.dir/build
make[1]: Entering directory '/home/javier/Code/cpp/systhemer/build/CMakeFiles/CMakeTmp'
Building C object CMakeFiles/cmTC_4bfea.dir/feature_tests.c.o
/usr/bin/cc_args.py  gcc   -std=c99 -o CMakeFiles/cmTC_4bfea.dir/feature_tests.c.o   -c /home/javier/Code/cpp/systhemer/build/CMakeFiles/feature_tests.c
Linking C executable cmTC_4bfea
/usr/bin/cmake -E cmake_link_script CMakeFiles/cmTC_4bfea.dir/link.txt --verbose=1
/usr/bin/cc_args.py  gcc      CMakeFiles/cmTC_4bfea.dir/feature_tests.c.o  -o cmTC_4bfea -rdynamic 
make[1]: Leaving directory '/home/javier/Code/cpp/systhemer/build/CMakeFiles/CMakeTmp'


    Feature record: C_FEATURE:1c_function_prototypes
    Feature record: C_FEATURE:1c_restrict
    Feature record: C_FEATURE:0c_static_assert
    Feature record: C_FEATURE:1c_variadic_macros


Detecting C [-std=c90] compiler features compiled with the following output:
Change Dir: /home/javier/Code/cpp/systhemer/build/CMakeFiles/CMakeTmp

Run Build Command:"/usr/bin/make" "cmTC_7683f/fast"
/usr/bin/make -f CMakeFiles/cmTC_7683f.dir/build.make CMakeFiles/cmTC_7683f.dir/build
make[1]: Entering directory '/home/javier/Code/cpp/systhemer/build/CMakeFiles/CMakeTmp'
Building C object CMakeFiles/cmTC_7683f.dir/feature_tests.c.o
/usr/bin/cc_args.py  gcc   -std=c90 -o CMakeFiles/cmTC_7683f.dir/feature_tests.c.o   -c /home/javier/Code/cpp/systhemer/build/CMakeFiles/feature_tests.c
Linking C executable cmTC_7683f
/usr/bin/cmake -E cmake_link_script CMakeFiles/cmTC_7683f.dir/link.txt --verbose=1
/usr/bin/cc_args.py  gcc      CMakeFiles/cmTC_7683f.dir/feature_tests.c.o  -o cmTC_7683f -rdynamic 
make[1]: Leaving directory '/home/javier/Code/cpp/systhemer/build/CMakeFiles/CMakeTmp'


    Feature record: C_FEATURE:1c_function_prototypes
    Feature record: C_FEATURE:0c_restrict
    Feature record: C_FEATURE:0c_static_assert
    Feature record: C_FEATURE:0c_variadic_macros
Determining if the CXX compiler works passed with the following output:
Change Dir: /home/javier/Code/cpp/systhemer/build/CMakeFiles/CMakeTmp

Run Build Command:"/usr/bin/make" "cmTC_08003/fast"
/usr/bin/make -f CMakeFiles/cmTC_08003.dir/build.make CMakeFiles/cmTC_08003.dir/build
make[1]: Entering directory '/home/javier/Code/cpp/systhemer/build/CMakeFiles/CMakeTmp'
Building CXX object CMakeFiles/cmTC_08003.dir/testCXXCompiler.cxx.o
/usr/bin/cc_args.py  g++     -o CMakeFiles/cmTC_08003.dir/testCXXCompiler.cxx.o -c /home/javier/Code/cpp/systhemer/build/CMakeFiles/CMakeTmp/testCXXCompiler.cxx
Linking CXX executable cmTC_08003
/usr/bin/cmake -E cmake_link_script CMakeFiles/cmTC_08003.dir/link.txt --verbose=1
/usr/bin/cc_args.py  g++       CMakeFiles/cmTC_08003.dir/testCXXCompiler.cxx.o  -o cmTC_08003 -rdynamic 
make[1]: Leaving directory '/home/javier/Code/cpp/systhemer/build/CMakeFiles/CMakeTmp'


Detecting CXX compiler ABI info compiled with the following output:
Change Dir: /home/javier/Code/cpp/systhemer/build/CMakeFiles/CMakeTmp

Run Build Command:"/usr/bin/make" "cmTC_6a874/fast"
/usr/bin/make -f CMakeFiles/cmTC_6a874.dir/build.make CMakeFiles/cmTC_6a874.dir/build
make[1]: Entering directory '/home/javier/Code/cpp/systhemer/build/CMakeFiles/CMakeTmp'
Building CXX object CMakeFiles/cmTC_6a874.dir/CMakeCXXCompilerABI.cpp.o
/usr/bin/cc_args.py  g++     -o CMakeFiles/cmTC_6a874.dir/CMakeCXXCompilerABI.cpp.o -c /usr/share/cmake-3.5/Modules/CMakeCXXCompilerABI.cpp
Linking CXX executable cmTC_6a874
/usr/bin/cmake -E cmake_link_script CMakeFiles/cmTC_6a874.dir/link.txt --verbose=1
/usr/bin/cc_args.py  g++      -v CMakeFiles/cmTC_6a874.dir/CMakeCXXCompilerABI.cpp.o  -o cmTC_6a874 -rdynamic  
Using built-in specs.
COLLECT_GCC=g++
COLLECT_LTO_WRAPPER=/usr/lib/gcc/x86_64-pc-linux-gnu/6.1.1/lto-wrapper
Target: x86_64-pc-linux-gnu
Configured with: /build/gcc-multilib/src/gcc/configure --prefix=/usr --libdir=/usr/lib --libexecdir=/usr/lib --mandir=/usr/share/man --infodir=/usr/share/info --with-bugurl=https://bugs.archlinux.org/ --enable-languages=c,c++,ada,fortran,go,lto,objc,obj-c++ --enable-shared --enable-threads=posix --enable-libmpx --with-system-zlib --with-isl --enable-__cxa_atexit --disable-libunwind-exceptions --enable-clocale=gnu --disable-libstdcxx-pch --disable-libssp --enable-gnu-unique-object --enable-linker-build-id --enable-lto --enable-plugin --enable-install-libiberty --with-linker-hash-style=gnu --enable-gnu-indirect-function --enable-multilib --disable-werror --enable-checking=release
Thread model: posix
gcc version 6.1.1 20160602 (GCC) 
COMPILER_PATH=/usr/lib/gcc/x86_64-pc-linux-gnu/6.1.1/:/usr/lib/gcc/x86_64-pc-linux-gnu/6.1.1/:/usr/lib/gcc/x86_64-pc-linux-gnu/:/usr/lib/gcc/x86_64-pc-linux-gnu/6.1.1/:/usr/lib/gcc/x86_64-pc-linux-gnu/
LIBRARY_PATH=/usr/lib/gcc/x86_64-pc-linux-gnu/6.1.1/:/usr/lib/gcc/x86_64-pc-linux-gnu/6.1.1/../../../../lib/:/lib/../lib/:/usr/lib/../lib/:/usr/lib/gcc/x86_64-pc-linux-gnu/6.1.1/../../../:/lib/:/usr/lib/
COLLECT_GCC_OPTIONS='-v' '-o' 'cmTC_6a874' '-rdynamic' '-shared-libgcc' '-mtune=generic' '-march=x86-64'
 /usr/lib/gcc/x86_64-pc-linux-gnu/6.1.1/collect2 -plugin /usr/lib/gcc/x86_64-pc-linux-gnu/6.1.1/liblto_plugin.so -plugin-opt=/usr/lib/gcc/x86_64-pc-linux-gnu/6.1.1/lto-wrapper -plugin-opt=-fresolution=/tmp/ccSlWAXH.res -plugin-opt=-pass-through=-lgcc_s -plugin-opt=-pass-through=-lgcc -plugin-opt=-pass-through=-lc -plugin-opt=-pass-through=-lgcc_s -plugin-opt=-pass-through=-lgcc --build-id --eh-frame-hdr --hash-style=gnu -m elf_x86_64 -export-dynamic -dynamic-linker /lib64/ld-linux-x86-64.so.2 -o cmTC_6a874 /usr/lib/gcc/x86_64-pc-linux-gnu/6.1.1/../../../../lib/crt1.o /usr/lib/gcc/x86_64-pc-linux-gnu/6.1.1/../../../../lib/crti.o /usr/lib/gcc/x86_64-pc-linux-gnu/6.1.1/crtbegin.o -L/usr/lib/gcc/x86_64-pc-linux-gnu/6.1.1 -L/usr/lib/gcc/x86_64-pc-linux-gnu/6.1.1/../../../../lib -L/lib/../lib -L/usr/lib/../lib -L/usr/lib/gcc/x86_64-pc-linux-gnu/6.1.1/../../.. CMakeFiles/cmTC_6a874.dir/CMakeCXXCompilerABI.cpp.o -lstdc++ -lm -lgcc_s -lgcc -lc -lgcc_s -lgcc /usr/lib/gcc/x86_64-pc-linux-gnu/6.1.1/crtend.o /usr/lib/gcc/x86_64-pc-linux-gnu/6.1.1/../../../../lib/crtn.o
COLLECT_GCC_OPTIONS='-v' '-o' 'cmTC_6a874' '-rdynamic' '-shared-libgcc' '-mtune=generic' '-march=x86-64'
make[1]: Leaving directory '/home/javier/Code/cpp/systhemer/build/CMakeFiles/CMakeTmp'


Parsed CXX implicit link information from above output:
  link line regex: [^( *|.*[/\])(ld|([^/\]+-)?ld|collect2)[^/\]*( |$)]
  ignore line: [Change Dir: /home/javier/Code/cpp/systhemer/build/CMakeFiles/CMakeTmp]
  ignore line: []
  ignore line: [Run Build Command:"/usr/bin/make" "cmTC_6a874/fast"]
  ignore line: [/usr/bin/make -f CMakeFiles/cmTC_6a874.dir/build.make CMakeFiles/cmTC_6a874.dir/build]
  ignore line: [make[1]: Entering directory '/home/javier/Code/cpp/systhemer/build/CMakeFiles/CMakeTmp']
  ignore line: [Building CXX object CMakeFiles/cmTC_6a874.dir/CMakeCXXCompilerABI.cpp.o]
  ignore line: [/usr/bin/cc_args.py  g++     -o CMakeFiles/cmTC_6a874.dir/CMakeCXXCompilerABI.cpp.o -c /usr/share/cmake-3.5/Modules/CMakeCXXCompilerABI.cpp]
  ignore line: [Linking CXX executable cmTC_6a874]
  ignore line: [/usr/bin/cmake -E cmake_link_script CMakeFiles/cmTC_6a874.dir/link.txt --verbose=1]
  ignore line: [/usr/bin/cc_args.py  g++      -v CMakeFiles/cmTC_6a874.dir/CMakeCXXCompilerABI.cpp.o  -o cmTC_6a874 -rdynamic  ]
  ignore line: [Using built-in specs.]
  ignore line: [COLLECT_GCC=g++]
  ignore line: [COLLECT_LTO_WRAPPER=/usr/lib/gcc/x86_64-pc-linux-gnu/6.1.1/lto-wrapper]
  ignore line: [Target: x86_64-pc-linux-gnu]
  ignore line: [Configured with: /build/gcc-multilib/src/gcc/configure --prefix=/usr --libdir=/usr/lib --libexecdir=/usr/lib --mandir=/usr/share/man --infodir=/usr/share/info --with-bugurl=https://bugs.archlinux.org/ --enable-languages=c,c++,ada,fortran,go,lto,objc,obj-c++ --enable-shared --enable-threads=posix --enable-libmpx --with-system-zlib --with-isl --enable-__cxa_atexit --disable-libunwind-exceptions --enable-clocale=gnu --disable-libstdcxx-pch --disable-libssp --enable-gnu-unique-object --enable-linker-build-id --enable-lto --enable-plugin --enable-install-libiberty --with-linker-hash-style=gnu --enable-gnu-indirect-function --enable-multilib --disable-werror --enable-checking=release]
  ignore line: [Thread model: posix]
  ignore line: [gcc version 6.1.1 20160602 (GCC) ]
  ignore line: [COMPILER_PATH=/usr/lib/gcc/x86_64-pc-linux-gnu/6.1.1/:/usr/lib/gcc/x86_64-pc-linux-gnu/6.1.1/:/usr/lib/gcc/x86_64-pc-linux-gnu/:/usr/lib/gcc/x86_64-pc-linux-gnu/6.1.1/:/usr/lib/gcc/x86_64-pc-linux-gnu/]
  ignore line: [LIBRARY_PATH=/usr/lib/gcc/x86_64-pc-linux-gnu/6.1.1/:/usr/lib/gcc/x86_64-pc-linux-gnu/6.1.1/../../../../lib/:/lib/../lib/:/usr/lib/../lib/:/usr/lib/gcc/x86_64-pc-linux-gnu/6.1.1/../../../:/lib/:/usr/lib/]
  ignore line: [COLLECT_GCC_OPTIONS='-v' '-o' 'cmTC_6a874' '-rdynamic' '-shared-libgcc' '-mtune=generic' '-march=x86-64']
  link line: [ /usr/lib/gcc/x86_64-pc-linux-gnu/6.1.1/collect2 -plugin /usr/lib/gcc/x86_64-pc-linux-gnu/6.1.1/liblto_plugin.so -plugin-opt=/usr/lib/gcc/x86_64-pc-linux-gnu/6.1.1/lto-wrapper -plugin-opt=-fresolution=/tmp/ccSlWAXH.res -plugin-opt=-pass-through=-lgcc_s -plugin-opt=-pass-through=-lgcc -plugin-opt=-pass-through=-lc -plugin-opt=-pass-through=-lgcc_s -plugin-opt=-pass-through=-lgcc --build-id --eh-frame-hdr --hash-style=gnu -m elf_x86_64 -export-dynamic -dynamic-linker /lib64/ld-linux-x86-64.so.2 -o cmTC_6a874 /usr/lib/gcc/x86_64-pc-linux-gnu/6.1.1/../../../../lib/crt1.o /usr/lib/gcc/x86_64-pc-linux-gnu/6.1.1/../../../../lib/crti.o /usr/lib/gcc/x86_64-pc-linux-gnu/6.1.1/crtbegin.o -L/usr/lib/gcc/x86_64-pc-linux-gnu/6.1.1 -L/usr/lib/gcc/x86_64-pc-linux-gnu/6.1.1/../../../../lib -L/lib/../lib -L/usr/lib/../lib -L/usr/lib/gcc/x86_64-pc-linux-gnu/6.1.1/../../.. CMakeFiles/cmTC_6a874.dir/CMakeCXXCompilerABI.cpp.o -lstdc++ -lm -lgcc_s -lgcc -lc -lgcc_s -lgcc /usr/lib/gcc/x86_64-pc-linux-gnu/6.1.1/crtend.o /usr/lib/gcc/x86_64-pc-linux-gnu/6.1.1/../../../../lib/crtn.o]
    arg [/usr/lib/gcc/x86_64-pc-linux-gnu/6.1.1/collect2] ==> ignore
    arg [-plugin] ==> ignore
    arg [/usr/lib/gcc/x86_64-pc-linux-gnu/6.1.1/liblto_plugin.so] ==> ignore
    arg [-plugin-opt=/usr/lib/gcc/x86_64-pc-linux-gnu/6.1.1/lto-wrapper] ==> ignore
    arg [-plugin-opt=-fresolution=/tmp/ccSlWAXH.res] ==> ignore
    arg [-plugin-opt=-pass-through=-lgcc_s] ==> ignore
    arg [-plugin-opt=-pass-through=-lgcc] ==> ignore
    arg [-plugin-opt=-pass-through=-lc] ==> ignore
    arg [-plugin-opt=-pass-through=-lgcc_s] ==> ignore
    arg [-plugin-opt=-pass-through=-lgcc] ==> ignore
    arg [--build-id] ==> ignore
    arg [--eh-frame-hdr] ==> ignore
    arg [--hash-style=gnu] ==> ignore
    arg [-m] ==> ignore
    arg [elf_x86_64] ==> ignore
    arg [-export-dynamic] ==> ignore
    arg [-dynamic-linker] ==> ignore
    arg [/lib64/ld-linux-x86-64.so.2] ==> ignore
    arg [-o] ==> ignore
    arg [cmTC_6a874] ==> ignore
    arg [/usr/lib/gcc/x86_64-pc-linux-gnu/6.1.1/../../../../lib/crt1.o] ==> ignore
    arg [/usr/lib/gcc/x86_64-pc-linux-gnu/6.1.1/../../../../lib/crti.o] ==> ignore
    arg [/usr/lib/gcc/x86_64-pc-linux-gnu/6.1.1/crtbegin.o] ==> ignore
    arg [-L/usr/lib/gcc/x86_64-pc-linux-gnu/6.1.1] ==> dir [/usr/lib/gcc/x86_64-pc-linux-gnu/6.1.1]
    arg [-L/usr/lib/gcc/x86_64-pc-linux-gnu/6.1.1/../../../../lib] ==> dir [/usr/lib/gcc/x86_64-pc-linux-gnu/6.1.1/../../../../lib]
    arg [-L/lib/../lib] ==> dir [/lib/../lib]
    arg [-L/usr/lib/../lib] ==> dir [/usr/lib/../lib]
    arg [-L/usr/lib/gcc/x86_64-pc-linux-gnu/6.1.1/../../..] ==> dir [/usr/lib/gcc/x86_64-pc-linux-gnu/6.1.1/../../..]
    arg [CMakeFiles/cmTC_6a874.dir/CMakeCXXCompilerABI.cpp.o] ==> ignore
    arg [-lstdc++] ==> lib [stdc++]
    arg [-lm] ==> lib [m]
    arg [-lgcc_s] ==> lib [gcc_s]
    arg [-lgcc] ==> lib [gcc]
    arg [-lc] ==> lib [c]
    arg [-lgcc_s] ==> lib [gcc_s]
    arg [-lgcc] ==> lib [gcc]
    arg [/usr/lib/gcc/x86_64-pc-linux-gnu/6.1.1/crtend.o] ==> ignore
    arg [/usr/lib/gcc/x86_64-pc-linux-gnu/6.1.1/../../../../lib/crtn.o] ==> ignore
  remove lib [gcc_s]
  remove lib [gcc]
  remove lib [gcc_s]
  remove lib [gcc]
  collapse library dir [/usr/lib/gcc/x86_64-pc-linux-gnu/6.1.1] ==> [/usr/lib/gcc/x86_64-pc-linux-gnu/6.1.1]
  collapse library dir [/usr/lib/gcc/x86_64-pc-linux-gnu/6.1.1/../../../../lib] ==> [/usr/lib]
  collapse library dir [/lib/../lib] ==> [/lib]
  collapse library dir [/usr/lib/../lib] ==> [/usr/lib]
  collapse library dir [/usr/lib/gcc/x86_64-pc-linux-gnu/6.1.1/../../..] ==> [/usr/lib]
  implicit libs: [stdc++;m;c]
  implicit dirs: [/usr/lib/gcc/x86_64-pc-linux-gnu/6.1.1;/usr/lib;/lib]
  implicit fwks: []




Detecting CXX [-std=c++14] compiler features compiled with the following output:
Change Dir: /home/javier/Code/cpp/systhemer/build/CMakeFiles/CMakeTmp

Run Build Command:"/usr/bin/make" "cmTC_6c93d/fast"
/usr/bin/make -f CMakeFiles/cmTC_6c93d.dir/build.make CMakeFiles/cmTC_6c93d.dir/build
make[1]: Entering directory '/home/javier/Code/cpp/systhemer/build/CMakeFiles/CMakeTmp'
Building CXX object CMakeFiles/cmTC_6c93d.dir/feature_tests.cxx.o
/usr/bin/cc_args.py  g++    -std=c++14 -o CMakeFiles/cmTC_6c93d.dir/feature_tests.cxx.o -c /home/javier/Code/cpp/systhemer/build/CMakeFiles/feature_tests.cxx
Linking CXX executable cmTC_6c93d
/usr/bin/cmake -E cmake_link_script CMakeFiles/cmTC_6c93d.dir/link.txt --verbose=1
/usr/bin/cc_args.py  g++       CMakeFiles/cmTC_6c93d.dir/feature_tests.cxx.o  -o cmTC_6c93d -rdynamic 
make[1]: Leaving directory '/home/javier/Code/cpp/systhemer/build/CMakeFiles/CMakeTmp'


    Feature record: CXX_FEATURE:1cxx_aggregate_default_initializers
    Feature record: CXX_FEATURE:1cxx_alias_templates
    Feature record: CXX_FEATURE:1cxx_alignas
    Feature record: CXX_FEATURE:1cxx_alignof
    Feature record: CXX_FEATURE:1cxx_attributes
    Feature record: CXX_FEATURE:1cxx_attribute_deprecated
    Feature record: CXX_FEATURE:1cxx_auto_type
    Feature record: CXX_FEATURE:1cxx_binary_literals
    Feature record: CXX_FEATURE:1cxx_constexpr
    Feature record: CXX_FEATURE:1cxx_contextual_conversions
    Feature record: CXX_FEATURE:1cxx_decltype
    Feature record: CXX_FEATURE:1cxx_decltype_auto
    Feature record: CXX_FEATURE:1cxx_decltype_incomplete_return_types
    Feature record: CXX_FEATURE:1cxx_default_function_template_args
    Feature record: CXX_FEATURE:1cxx_defaulted_functions
    Feature record: CXX_FEATURE:1cxx_defaulted_move_initializers
    Feature record: CXX_FEATURE:1cxx_delegating_constructors
    Feature record: CXX_FEATURE:1cxx_deleted_functions
    Feature record: CXX_FEATURE:1cxx_digit_separators
    Feature record: CXX_FEATURE:1cxx_enum_forward_declarations
    Feature record: CXX_FEATURE:1cxx_explicit_conversions
    Feature record: CXX_FEATURE:1cxx_extended_friend_declarations
    Feature record: CXX_FEATURE:1cxx_extern_templates
    Feature record: CXX_FEATURE:1cxx_final
    Feature record: CXX_FEATURE:1cxx_func_identifier
    Feature record: CXX_FEATURE:1cxx_generalized_initializers
    Feature record: CXX_FEATURE:1cxx_generic_lambdas
    Feature record: CXX_FEATURE:1cxx_inheriting_constructors
    Feature record: CXX_FEATURE:1cxx_inline_namespaces
    Feature record: CXX_FEATURE:1cxx_lambdas
    Feature record: CXX_FEATURE:1cxx_lambda_init_captures
    Feature record: CXX_FEATURE:1cxx_local_type_template_args
    Feature record: CXX_FEATURE:1cxx_long_long_type
    Feature record: CXX_FEATURE:1cxx_noexcept
    Feature record: CXX_FEATURE:1cxx_nonstatic_member_init
    Feature record: CXX_FEATURE:1cxx_nullptr
    Feature record: CXX_FEATURE:1cxx_override
    Feature record: CXX_FEATURE:1cxx_range_for
    Feature record: CXX_FEATURE:1cxx_raw_string_literals
    Feature record: CXX_FEATURE:1cxx_reference_qualified_functions
    Feature record: CXX_FEATURE:1cxx_relaxed_constexpr
    Feature record: CXX_FEATURE:1cxx_return_type_deduction
    Feature record: CXX_FEATURE:1cxx_right_angle_brackets
    Feature record: CXX_FEATURE:1cxx_rvalue_references
    Feature record: CXX_FEATURE:1cxx_sizeof_member
    Feature record: CXX_FEATURE:1cxx_static_assert
    Feature record: CXX_FEATURE:1cxx_strong_enums
    Feature record: CXX_FEATURE:1cxx_template_template_parameters
    Feature record: CXX_FEATURE:1cxx_thread_local
    Feature record: CXX_FEATURE:1cxx_trailing_return_types
    Feature record: CXX_FEATURE:1cxx_unicode_literals
    Feature record: CXX_FEATURE:1cxx_uniform_initialization
    Feature record: CXX_FEATURE:1cxx_unrestricted_unions
    Feature record: CXX_FEATURE:1cxx_user_literals
    Feature record: CXX_FEATURE:1cxx_variable_templates
    Feature record: CXX_FEATURE:1cxx_variadic_macros
    Feature record: CXX_FEATURE:1cxx_variadic_templates


Detecting CXX [-std=c++11] compiler features compiled with the following output:
Change Dir: /home/javier/Code/cpp/systhemer/build/CMakeFiles/CMakeTmp

Run Build Command:"/usr/bin/make" "cmTC_364c1/fast"
/usr/bin/make -f CMakeFiles/cmTC_364c1.dir/build.make CMakeFiles/cmTC_364c1.dir/build
make[1]: Entering directory '/home/javier/Code/cpp/systhemer/build/CMakeFiles/CMakeTmp'
Building CXX object CMakeFiles/cmTC_364c1.dir/feature_tests.cxx.o
/usr/bin/cc_args.py  g++    -std=c++11 -o CMakeFiles/cmTC_364c1.dir/feature_tests.cxx.o -c /home/javier/Code/cpp/systhemer/build/CMakeFiles/feature_tests.cxx
Linking CXX executable cmTC_364c1
/usr/bin/cmake -E cmake_link_script CMakeFiles/cmTC_364c1.dir/link.txt --verbose=1
/usr/bin/cc_args.py  g++       CMakeFiles/cmTC_364c1.dir/feature_tests.cxx.o  -o cmTC_364c1 -rdynamic 
make[1]: Leaving directory '/home/javier/Code/cpp/systhemer/build/CMakeFiles/CMakeTmp'


    Feature record: CXX_FEATURE:0cxx_aggregate_default_initializers
    Feature record: CXX_FEATURE:1cxx_alias_templates
    Feature record: CXX_FEATURE:1cxx_alignas
    Feature record: CXX_FEATURE:1cxx_alignof
    Feature record: CXX_FEATURE:1cxx_attributes
    Feature record: CXX_FEATURE:0cxx_attribute_deprecated
    Feature record: CXX_FEATURE:1cxx_auto_type
    Feature record: CXX_FEATURE:0cxx_binary_literals
    Feature record: CXX_FEATURE:1cxx_constexpr
    Feature record: CXX_FEATURE:0cxx_contextual_conversions
    Feature record: CXX_FEATURE:1cxx_decltype
    Feature record: CXX_FEATURE:0cxx_decltype_auto
    Feature record: CXX_FEATURE:1cxx_decltype_incomplete_return_types
    Feature record: CXX_FEATURE:1cxx_default_function_template_args
    Feature record: CXX_FEATURE:1cxx_defaulted_functions
    Feature record: CXX_FEATURE:1cxx_defaulted_move_initializers
    Feature record: CXX_FEATURE:1cxx_delegating_constructors
    Feature record: CXX_FEATURE:1cxx_deleted_functions
    Feature record: CXX_FEATURE:0cxx_digit_separators
    Feature record: CXX_FEATURE:1cxx_enum_forward_declarations
    Feature record: CXX_FEATURE:1cxx_explicit_conversions
    Feature record: CXX_FEATURE:1cxx_extended_friend_declarations
    Feature record: CXX_FEATURE:1cxx_extern_templates
    Feature record: CXX_FEATURE:1cxx_final
    Feature record: CXX_FEATURE:1cxx_func_identifier
    Feature record: CXX_FEATURE:1cxx_generalized_initializers
    Feature record: CXX_FEATURE:0cxx_generic_lambdas
    Feature record: CXX_FEATURE:1cxx_inheriting_constructors
    Feature record: CXX_FEATURE:1cxx_inline_namespaces
    Feature record: CXX_FEATURE:1cxx_lambdas
    Feature record: CXX_FEATURE:0cxx_lambda_init_captures
    Feature record: CXX_FEATURE:1cxx_local_type_template_args
    Feature record: CXX_FEATURE:1cxx_long_long_type
    Feature record: CXX_FEATURE:1cxx_noexcept
    Feature record: CXX_FEATURE:1cxx_nonstatic_member_init
    Feature record: CXX_FEATURE:1cxx_nullptr
    Feature record: CXX_FEATURE:1cxx_override
    Feature record: CXX_FEATURE:1cxx_range_for
    Feature record: CXX_FEATURE:1cxx_raw_string_literals
    Feature record: CXX_FEATURE:1cxx_reference_qualified_functions
    Feature record: CXX_FEATURE:0cxx_relaxed_constexpr
    Feature record: CXX_FEATURE:0cxx_return_type_deduction
    Feature record: CXX_FEATURE:1cxx_right_angle_brackets
    Feature record: CXX_FEATURE:1cxx_rvalue_references
    Feature record: CXX_FEATURE:1cxx_sizeof_member
    Feature record: CXX_FEATURE:1cxx_static_assert
    Feature record: CXX_FEATURE:1cxx_strong_enums
    Feature record: CXX_FEATURE:1cxx_template_template_parameters
    Feature record: CXX_FEATURE:1cxx_thread_local
    Feature record: CXX_FEATURE:1cxx_trailing_return_types
    Feature record: CXX_FEATURE:1cxx_unicode_literals
    Feature record: CXX_FEATURE:1cxx_uniform_initialization
    Feature record: CXX_FEATURE:1cxx_unrestricted_unions
    Feature record: CXX_FEATURE:1cxx_user_literals
    Feature record: CXX_FEATURE:0cxx_variable_templates
    Feature record: CXX_FEATURE:1cxx_variadic_macros
    Feature record: CXX_FEATURE:1cxx_variadic_templates


Detecting CXX [-std=c++98] compiler features compiled with the following output:
Change Dir: /home/javier/Code/cpp/systhemer/build/CMakeFiles/CMakeTmp

Run Build Command:"/usr/bin/make" "cmTC_e7699/fast"
/usr/bin/make -f CMakeFiles/cmTC_e7699.dir/build.make CMakeFiles/cmTC_e7699.dir/build
make[1]: Entering directory '/home/javier/Code/cpp/systhemer/build/CMakeFiles/CMakeTmp'
Building CXX object CMakeFiles/cmTC_e7699.dir/feature_tests.cxx.o
/usr/bin/cc_args.py  g++    -std=c++98 -o CMakeFiles/cmTC_e7699.dir/feature_tests.cxx.o -c /home/javier/Code/cpp/systhemer/build/CMakeFiles/feature_tests.cxx
Linking CXX executable cmTC_e7699
/usr/bin/cmake -E cmake_link_script CMakeFiles/cmTC_e7699.dir/link.txt --verbose=1
/usr/bin/cc_args.py  g++       CMakeFiles/cmTC_e7699.dir/feature_tests.cxx.o  -o cmTC_e7699 -rdynamic 
make[1]: Leaving directory '/home/javier/Code/cpp/systhemer/build/CMakeFiles/CMakeTmp'


    Feature record: CXX_FEATURE:0cxx_aggregate_default_initializers
    Feature record: CXX_FEATURE:0cxx_alias_templates
    Feature record: CXX_FEATURE:0cxx_alignas
    Feature record: CXX_FEATURE:0cxx_alignof
    Feature record: CXX_FEATURE:0cxx_attributes
    Feature record: CXX_FEATURE:0cxx_attribute_deprecated
    Feature record: CXX_FEATURE:0cxx_auto_type
    Feature record: CXX_FEATURE:0cxx_binary_literals
    Feature record: CXX_FEATURE:0cxx_constexpr
    Feature record: CXX_FEATURE:0cxx_contextual_conversions
    Feature record: CXX_FEATURE:0cxx_decltype
    Feature record: CXX_FEATURE:0cxx_decltype_auto
    Feature record: CXX_FEATURE:0cxx_decltype_incomplete_return_types
    Feature record: CXX_FEATURE:0cxx_default_function_template_args
    Feature record: CXX_FEATURE:0cxx_defaulted_functions
    Feature record: CXX_FEATURE:0cxx_defaulted_move_initializers
    Feature record: CXX_FEATURE:0cxx_delegating_constructors
    Feature record: CXX_FEATURE:0cxx_deleted_functions
    Feature record: CXX_FEATURE:0cxx_digit_separators
    Feature record: CXX_FEATURE:0cxx_enum_forward_declarations
    Feature record: CXX_FEATURE:0cxx_explicit_conversions
    Feature record: CXX_FEATURE:0cxx_extended_friend_declarations
    Feature record: CXX_FEATURE:0cxx_extern_templates
    Feature record: CXX_FEATURE:0cxx_final
    Feature record: CXX_FEATURE:0cxx_func_identifier
    Feature record: CXX_FEATURE:0cxx_generalized_initializers
    Feature record: CXX_FEATURE:0cxx_generic_lambdas
    Feature record: CXX_FEATURE:0cxx_inheriting_constructors
    Feature record: CXX_FEATURE:0cxx_inline_namespaces
    Feature record: CXX_FEATURE:0cxx_lambdas
    Feature record: CXX_FEATURE:0cxx_lambda_init_captures
    Feature record: CXX_FEATURE:0cxx_local_type_template_args
    Feature record: CXX_FEATURE:0cxx_long_long_type
    Feature record: CXX_FEATURE:0cxx_noexcept
    Feature record: CXX_FEATURE:0cxx_nonstatic_member_init
    Feature record: CXX_FEATURE:0cxx_nullptr
    Feature record: CXX_FEATURE:0cxx_override
    Feature record: CXX_FEATURE:0cxx_range_for
    Feature record: CXX_FEATURE:0cxx_raw_string_literals
    Feature record: CXX_FEATURE:0cxx_reference_qualified_functions
    Feature record: CXX_FEATURE:0cxx_relaxed_constexpr
    Feature record: CXX_FEATURE:0cxx_return_type_deduction
    Feature record: CXX_FEATURE:0cxx_right_angle_brackets
    Feature record: CXX_FEATURE:0cxx_rvalue_references
    Feature record: CXX_FEATURE:0cxx_sizeof_member
    Feature record: CXX_FEATURE:0cxx_static_assert
    Feature record: CXX_FEATURE:0cxx_strong_enums
    Feature record: CXX_FEATURE:1cxx_template_template_parameters
    Feature record: CXX_FEATURE:0cxx_thread_local
    Feature record: CXX_FEATURE:0cxx_trailing_return_types
    Feature record: CXX_FEATURE:0cxx_unicode_literals
    Feature record: CXX_FEATURE:0cxx_uniform_initialization
    Feature record: CXX_FEATURE:0cxx_unrestricted_unions
    Feature record: CXX_FEATURE:0cxx_user_literals
    Feature record: CXX_FEATURE:0cxx_variable_templates
    Feature record: CXX_FEATURE:0cxx_variadic_macros
    Feature record: CXX_FEATURE:0cxx_variadic_templates
The system is: Linux - 4.6.4-1-ARCH - x86_64
Compiling the C compiler identification source file "CMakeCCompilerId.c" succeeded.
Compiler: /usr/bin/cc_args.py gcc
Build flags: 
Id flags: 

The output was:
0


Compilation of the C compiler identification source "CMakeCCompilerId.c" produced ".clang_complete"

Compilation of the C compiler identification source "CMakeCCompilerId.c" produced "a.out"

The C compiler identification is GNU, found in "/home/javier/Code/cpp/systhemer/build/CMakeFiles/3.6.1/CompilerIdC/a.out"

Compiling the CXX compiler identification source file "CMakeCXXCompilerId.cpp" succeeded.
Compiler: /usr/bin/cc_args.py g++
Build flags: 
Id flags: 

The output was:
0


Compilation of the CXX compiler identification source "CMakeCXXCompilerId.cpp" produced ".clang_complete"

Compilation of the CXX compiler identification source "CMakeCXXCompilerId.cpp" produced "a.out"

The CXX compiler identification is GNU, found in "/home/javier/Code/cpp/systhemer/build/CMakeFiles/3.6.1/CompilerIdCXX/a.out"

Determining if the C compiler works passed with the following output:
Change Dir: /home/javier/Code/cpp/systhemer/build/CMakeFiles/CMakeTmp

Run Build Command:"/usr/bin/make" "cmTC_00af5/fast"
make[1]: Entering directory '/home/javier/Code/cpp/systhemer/build/CMakeFiles/CMakeTmp'
/usr/bin/make -f CMakeFiles/cmTC_00af5.dir/build.make CMakeFiles/cmTC_00af5.dir/build
make[2]: Entering directory '/home/javier/Code/cpp/systhemer/build/CMakeFiles/CMakeTmp'
Building C object CMakeFiles/cmTC_00af5.dir/testCCompiler.c.o
/usr/bin/cc_args.py  gcc    -o CMakeFiles/cmTC_00af5.dir/testCCompiler.c.o   -c /home/javier/Code/cpp/systhemer/build/CMakeFiles/CMakeTmp/testCCompiler.c
Linking C executable cmTC_00af5
/usr/bin/cmake -E cmake_link_script CMakeFiles/cmTC_00af5.dir/link.txt --verbose=1
/usr/bin/cc_args.py  gcc      CMakeFiles/cmTC_00af5.dir/testCCompiler.c.o  -o cmTC_00af5 -rdynamic 
make[2]: Leaving directory '/home/javier/Code/cpp/systhemer/build/CMakeFiles/CMakeTmp'
make[1]: Leaving directory '/home/javier/Code/cpp/systhemer/build/CMakeFiles/CMakeTmp'


Detecting C compiler ABI info compiled with the following output:
Change Dir: /home/javier/Code/cpp/systhemer/build/CMakeFiles/CMakeTmp

Run Build Command:"/usr/bin/make" "cmTC_8d0ed/fast"
make[1]: Entering directory '/home/javier/Code/cpp/systhemer/build/CMakeFiles/CMakeTmp'
/usr/bin/make -f CMakeFiles/cmTC_8d0ed.dir/build.make CMakeFiles/cmTC_8d0ed.dir/build
make[2]: Entering directory '/home/javier/Code/cpp/systhemer/build/CMakeFiles/CMakeTmp'
Building C object CMakeFiles/cmTC_8d0ed.dir/CMakeCCompilerABI.c.o
/usr/bin/cc_args.py  gcc    -o CMakeFiles/cmTC_8d0ed.dir/CMakeCCompilerABI.c.o   -c /usr/share/cmake-3.6/Modules/CMakeCCompilerABI.c
Linking C executable cmTC_8d0ed
/usr/bin/cmake -E cmake_link_script CMakeFiles/cmTC_8d0ed.dir/link.txt --verbose=1
/usr/bin/cc_args.py  gcc     -v CMakeFiles/cmTC_8d0ed.dir/CMakeCCompilerABI.c.o  -o cmTC_8d0ed -rdynamic  
Using built-in specs.
COLLECT_GCC=gcc
COLLECT_LTO_WRAPPER=/usr/lib/gcc/x86_64-pc-linux-gnu/6.1.1/lto-wrapper
Target: x86_64-pc-linux-gnu
Configured with: /build/gcc-multilib/src/gcc/configure --prefix=/usr --libdir=/usr/lib --libexecdir=/usr/lib --mandir=/usr/share/man --infodir=/usr/share/info --with-bugurl=https://bugs.archlinux.org/ --enable-languages=c,c++,ada,fortran,go,lto,objc,obj-c++ --enable-shared --enable-threads=posix --enable-libmpx --with-system-zlib --with-isl --enable-__cxa_atexit --disable-libunwind-exceptions --enable-clocale=gnu --disable-libstdcxx-pch --disable-libssp --enable-gnu-unique-object --enable-linker-build-id --enable-lto --enable-plugin --enable-install-libiberty --with-linker-hash-style=gnu --enable-gnu-indirect-function --enable-multilib --disable-werror --enable-checking=release
Thread model: posix
gcc version 6.1.1 20160802 (GCC) 
COMPILER_PATH=/usr/lib/gcc/x86_64-pc-linux-gnu/6.1.1/:/usr/lib/gcc/x86_64-pc-linux-gnu/6.1.1/:/usr/lib/gcc/x86_64-pc-linux-gnu/:/usr/lib/gcc/x86_64-pc-linux-gnu/6.1.1/:/usr/lib/gcc/x86_64-pc-linux-gnu/
LIBRARY_PATH=/usr/lib/gcc/x86_64-pc-linux-gnu/6.1.1/:/usr/lib/gcc/x86_64-pc-linux-gnu/6.1.1/../../../../lib/:/lib/../lib/:/usr/lib/../lib/:/usr/lib/gcc/x86_64-pc-linux-gnu/6.1.1/../../../:/lib/:/usr/lib/
COLLECT_GCC_OPTIONS='-v' '-o' 'cmTC_8d0ed' '-rdynamic' '-mtune=generic' '-march=x86-64'
 /usr/lib/gcc/x86_64-pc-linux-gnu/6.1.1/collect2 -plugin /usr/lib/gcc/x86_64-pc-linux-gnu/6.1.1/liblto_plugin.so -plugin-opt=/usr/lib/gcc/x86_64-pc-linux-gnu/6.1.1/lto-wrapper -plugin-opt=-fresolution=/tmp/ccIecqpo.res -plugin-opt=-pass-through=-lgcc -plugin-opt=-pass-through=-lgcc_s -plugin-opt=-pass-through=-lc -plugin-opt=-pass-through=-lgcc -plugin-opt=-pass-through=-lgcc_s --build-id --eh-frame-hdr --hash-style=gnu -m elf_x86_64 -export-dynamic -dynamic-linker /lib64/ld-linux-x86-64.so.2 -o cmTC_8d0ed /usr/lib/gcc/x86_64-pc-linux-gnu/6.1.1/../../../../lib/crt1.o /usr/lib/gcc/x86_64-pc-linux-gnu/6.1.1/../../../../lib/crti.o /usr/lib/gcc/x86_64-pc-linux-gnu/6.1.1/crtbegin.o -L/usr/lib/gcc/x86_64-pc-linux-gnu/6.1.1 -L/usr/lib/gcc/x86_64-pc-linux-gnu/6.1.1/../../../../lib -L/lib/../lib -L/usr/lib/../lib -L/usr/lib/gcc/x86_64-pc-linux-gnu/6.1.1/../../.. CMakeFiles/cmTC_8d0ed.dir/CMakeCCompilerABI.c.o -lgcc --as-needed -lgcc_s --no-as-needed -lc -lgcc --as-needed -lgcc_s --no-as-needed /usr/lib/gcc/x86_64-pc-linux-gnu/6.1.1/crtend.o /usr/lib/gcc/x86_64-pc-linux-gnu/6.1.1/../../../../lib/crtn.o
COLLECT_GCC_OPTIONS='-v' '-o' 'cmTC_8d0ed' '-rdynamic' '-mtune=generic' '-march=x86-64'
make[2]: Leaving directory '/home/javier/Code/cpp/systhemer/build/CMakeFiles/CMakeTmp'
make[1]: Leaving directory '/home/javier/Code/cpp/systhemer/build/CMakeFiles/CMakeTmp'


Parsed C implicit link information from above output:
  link line regex: [^( *|.*[/\])(ld|([^/\]+-)?ld|collect2)[^/\]*( |$)]
  ignore line: [Change Dir: /home/javier/Code/cpp/systhemer/build/CMakeFiles/CMakeTmp]
  ignore line: []
  ignore line: [Run Build Command:"/usr/bin/make" "cmTC_8d0ed/fast"]
  ignore line: [make[1]: Entering directory '/home/javier/Code/cpp/systhemer/build/CMakeFiles/CMakeTmp']
  ignore line: [/usr/bin/make -f CMakeFiles/cmTC_8d0ed.dir/build.make CMakeFiles/cmTC_8d0ed.dir/build]
  ignore line: [make[2]: Entering directory '/home/javier/Code/cpp/systhemer/build/CMakeFiles/CMakeTmp']
  ignore line: [Building C object CMakeFiles/cmTC_8d0ed.dir/CMakeCCompilerABI.c.o]
  ignore line: [/usr/bin/cc_args.py  gcc    -o CMakeFiles/cmTC_8d0ed.dir/CMakeCCompilerABI.c.o   -c /usr/share/cmake-3.6/Modules/CMakeCCompilerABI.c]
  ignore line: [Linking C executable cmTC_8d0ed]
  ignore line: [/usr/bin/cmake -E cmake_link_script CMakeFiles/cmTC_8d0ed.dir/link.txt --verbose=1]
  ignore line: [/usr/bin/cc_args.py  gcc     -v CMakeFiles/cmTC_8d0ed.dir/CMakeCCompilerABI.c.o  -o cmTC_8d0ed -rdynamic  ]
  ignore line: [Using built-in specs.]
  ignore line: [COLLECT_GCC=gcc]
  ignore line: [COLLECT_LTO_WRAPPER=/usr/lib/gcc/x86_64-pc-linux-gnu/6.1.1/lto-wrapper]
  ignore line: [Target: x86_64-pc-linux-gnu]
  ignore line: [Configured with: /build/gcc-multilib/src/gcc/configure --prefix=/usr --libdir=/usr/lib --libexecdir=/usr/lib --mandir=/usr/share/man --infodir=/usr/share/info --with-bugurl=https://bugs.archlinux.org/ --enable-languages=c,c++,ada,fortran,go,lto,objc,obj-c++ --enable-shared --enable-threads=posix --enable-libmpx --with-system-zlib --with-isl --enable-__cxa_atexit --disable-libunwind-exceptions --enable-clocale=gnu --disable-libstdcxx-pch --disable-libssp --enable-gnu-unique-object --enable-linker-build-id --enable-lto --enable-plugin --enable-install-libiberty --with-linker-hash-style=gnu --enable-gnu-indirect-function --enable-multilib --disable-werror --enable-checking=release]
  ignore line: [Thread model: posix]
  ignore line: [gcc version 6.1.1 20160802 (GCC) ]
  ignore line: [COMPILER_PATH=/usr/lib/gcc/x86_64-pc-linux-gnu/6.1.1/:/usr/lib/gcc/x86_64-pc-linux-gnu/6.1.1/:/usr/lib/gcc/x86_64-pc-linux-gnu/:/usr/lib/gcc/x86_64-pc-linux-gnu/6.1.1/:/usr/lib/gcc/x86_64-pc-linux-gnu/]
  ignore line: [LIBRARY_PATH=/usr/lib/gcc/x86_64-pc-linux-gnu/6.1.1/:/usr/lib/gcc/x86_64-pc-linux-gnu/6.1.1/../../../../lib/:/lib/../lib/:/usr/lib/../lib/:/usr/lib/gcc/x86_64-pc-linux-gnu/6.1.1/../../../:/lib/:/usr/lib/]
  ignore line: [COLLECT_GCC_OPTIONS='-v' '-o' 'cmTC_8d0ed' '-rdynamic' '-mtune=generic' '-march=x86-64']
  link line: [ /usr/lib/gcc/x86_64-pc-linux-gnu/6.1.1/collect2 -plugin /usr/lib/gcc/x86_64-pc-linux-gnu/6.1.1/liblto_plugin.so -plugin-opt=/usr/lib/gcc/x86_64-pc-linux-gnu/6.1.1/lto-wrapper -plugin-opt=-fresolution=/tmp/ccIecqpo.res -plugin-opt=-pass-through=-lgcc -plugin-opt=-pass-through=-lgcc_s -plugin-opt=-pass-through=-lc -plugin-opt=-pass-through=-lgcc -plugin-opt=-pass-through=-lgcc_s --build-id --eh-frame-hdr --hash-style=gnu -m elf_x86_64 -export-dynamic -dynamic-linker /lib64/ld-linux-x86-64.so.2 -o cmTC_8d0ed /usr/lib/gcc/x86_64-pc-linux-gnu/6.1.1/../../../../lib/crt1.o /usr/lib/gcc/x86_64-pc-linux-gnu/6.1.1/../../../../lib/crti.o /usr/lib/gcc/x86_64-pc-linux-gnu/6.1.1/crtbegin.o -L/usr/lib/gcc/x86_64-pc-linux-gnu/6.1.1 -L/usr/lib/gcc/x86_64-pc-linux-gnu/6.1.1/../../../../lib -L/lib/../lib -L/usr/lib/../lib -L/usr/lib/gcc/x86_64-pc-linux-gnu/6.1.1/../../.. CMakeFiles/cmTC_8d0ed.dir/CMakeCCompilerABI.c.o -lgcc --as-needed -lgcc_s --no-as-needed -lc -lgcc --as-needed -lgcc_s --no-as-needed /usr/lib/gcc/x86_64-pc-linux-gnu/6.1.1/crtend.o /usr/lib/gcc/x86_64-pc-linux-gnu/6.1.1/../../../../lib/crtn.o]
    arg [/usr/lib/gcc/x86_64-pc-linux-gnu/6.1.1/collect2] ==> ignore
    arg [-plugin] ==> ignore
    arg [/usr/lib/gcc/x86_64-pc-linux-gnu/6.1.1/liblto_plugin.so] ==> ignore
    arg [-plugin-opt=/usr/lib/gcc/x86_64-pc-linux-gnu/6.1.1/lto-wrapper] ==> ignore
    arg [-plugin-opt=-fresolution=/tmp/ccIecqpo.res] ==> ignore
    arg [-plugin-opt=-pass-through=-lgcc] ==> ignore
    arg [-plugin-opt=-pass-through=-lgcc_s] ==> ignore
    arg [-plugin-opt=-pass-through=-lc] ==> ignore
    arg [-plugin-opt=-pass-through=-lgcc] ==> ignore
    arg [-plugin-opt=-pass-through=-lgcc_s] ==> ignore
    arg [--build-id] ==> ignore
    arg [--eh-frame-hdr] ==> ignore
    arg [--hash-style=gnu] ==> ignore
    arg [-m] ==> ignore
    arg [elf_x86_64] ==> ignore
    arg [-export-dynamic] ==> ignore
    arg [-dynamic-linker] ==> ignore
    arg [/lib64/ld-linux-x86-64.so.2] ==> ignore
    arg [-o] ==> ignore
    arg [cmTC_8d0ed] ==> ignore
    arg [/usr/lib/gcc/x86_64-pc-linux-gnu/6.1.1/../../../../lib/crt1.o] ==> ignore
    arg [/usr/lib/gcc/x86_64-pc-linux-gnu/6.1.1/../../../../lib/crti.o] ==> ignore
    arg [/usr/lib/gcc/x86_64-pc-linux-gnu/6.1.1/crtbegin.o] ==> ignore
    arg [-L/usr/lib/gcc/x86_64-pc-linux-gnu/6.1.1] ==> dir [/usr/lib/gcc/x86_64-pc-linux-gnu/6.1.1]
    arg [-L/usr/lib/gcc/x86_64-pc-linux-gnu/6.1.1/../../../../lib] ==> dir [/usr/lib/gcc/x86_64-pc-linux-gnu/6.1.1/../../../../lib]
    arg [-L/lib/../lib] ==> dir [/lib/../lib]
    arg [-L/usr/lib/../lib] ==> dir [/usr/lib/../lib]
    arg [-L/usr/lib/gcc/x86_64-pc-linux-gnu/6.1.1/../../..] ==> dir [/usr/lib/gcc/x86_64-pc-linux-gnu/6.1.1/../../..]
    arg [CMakeFiles/cmTC_8d0ed.dir/CMakeCCompilerABI.c.o] ==> ignore
    arg [-lgcc] ==> lib [gcc]
    arg [--as-needed] ==> ignore
    arg [-lgcc_s] ==> lib [gcc_s]
    arg [--no-as-needed] ==> ignore
    arg [-lc] ==> lib [c]
    arg [-lgcc] ==> lib [gcc]
    arg [--as-needed] ==> ignore
    arg [-lgcc_s] ==> lib [gcc_s]
    arg [--no-as-needed] ==> ignore
    arg [/usr/lib/gcc/x86_64-pc-linux-gnu/6.1.1/crtend.o] ==> ignore
    arg [/usr/lib/gcc/x86_64-pc-linux-gnu/6.1.1/../../../../lib/crtn.o] ==> ignore
  remove lib [gcc]
  remove lib [gcc_s]
  remove lib [gcc]
  remove lib [gcc_s]
  collapse library dir [/usr/lib/gcc/x86_64-pc-linux-gnu/6.1.1] ==> [/usr/lib/gcc/x86_64-pc-linux-gnu/6.1.1]
  collapse library dir [/usr/lib/gcc/x86_64-pc-linux-gnu/6.1.1/../../../../lib] ==> [/usr/lib]
  collapse library dir [/lib/../lib] ==> [/lib]
  collapse library dir [/usr/lib/../lib] ==> [/usr/lib]
  collapse library dir [/usr/lib/gcc/x86_64-pc-linux-gnu/6.1.1/../../..] ==> [/usr/lib]
  implicit libs: [c]
  implicit dirs: [/usr/lib/gcc/x86_64-pc-linux-gnu/6.1.1;/usr/lib;/lib]
  implicit fwks: []




Detecting C [-std=c11] compiler features compiled with the following output:
Change Dir: /home/javier/Code/cpp/systhemer/build/CMakeFiles/CMakeTmp

Run Build Command:"/usr/bin/make" "cmTC_e1313/fast"
make[1]: Entering directory '/home/javier/Code/cpp/systhemer/build/CMakeFiles/CMakeTmp'
/usr/bin/make -f CMakeFiles/cmTC_e1313.dir/build.make CMakeFiles/cmTC_e1313.dir/build
make[2]: Entering directory '/home/javier/Code/cpp/systhemer/build/CMakeFiles/CMakeTmp'
Building C object CMakeFiles/cmTC_e1313.dir/feature_tests.c.o
/usr/bin/cc_args.py  gcc   -std=c11 -o CMakeFiles/cmTC_e1313.dir/feature_tests.c.o   -c /home/javier/Code/cpp/systhemer/build/CMakeFiles/feature_tests.c
Linking C executable cmTC_e1313
/usr/bin/cmake -E cmake_link_script CMakeFiles/cmTC_e1313.dir/link.txt --verbose=1
/usr/bin/cc_args.py  gcc      CMakeFiles/cmTC_e1313.dir/feature_tests.c.o  -o cmTC_e1313 -rdynamic 
make[2]: Leaving directory '/home/javier/Code/cpp/systhemer/build/CMakeFiles/CMakeTmp'
make[1]: Leaving directory '/home/javier/Code/cpp/systhemer/build/CMakeFiles/CMakeTmp'


    Feature record: C_FEATURE:1c_function_prototypes
    Feature record: C_FEATURE:1c_restrict
    Feature record: C_FEATURE:1c_static_assert
    Feature record: C_FEATURE:1c_variadic_macros


Detecting C [-std=c99] compiler features compiled with the following output:
Change Dir: /home/javier/Code/cpp/systhemer/build/CMakeFiles/CMakeTmp

Run Build Command:"/usr/bin/make" "cmTC_3e391/fast"
make[1]: Entering directory '/home/javier/Code/cpp/systhemer/build/CMakeFiles/CMakeTmp'
/usr/bin/make -f CMakeFiles/cmTC_3e391.dir/build.make CMakeFiles/cmTC_3e391.dir/build
make[2]: Entering directory '/home/javier/Code/cpp/systhemer/build/CMakeFiles/CMakeTmp'
Building C object CMakeFiles/cmTC_3e391.dir/feature_tests.c.o
/usr/bin/cc_args.py  gcc   -std=c99 -o CMakeFiles/cmTC_3e391.dir/feature_tests.c.o   -c /home/javier/Code/cpp/systhemer/build/CMakeFiles/feature_tests.c
Linking C executable cmTC_3e391
/usr/bin/cmake -E cmake_link_script CMakeFiles/cmTC_3e391.dir/link.txt --verbose=1
/usr/bin/cc_args.py  gcc      CMakeFiles/cmTC_3e391.dir/feature_tests.c.o  -o cmTC_3e391 -rdynamic 
make[2]: Leaving directory '/home/javier/Code/cpp/systhemer/build/CMakeFiles/CMakeTmp'
make[1]: Leaving directory '/home/javier/Code/cpp/systhemer/build/CMakeFiles/CMakeTmp'


    Feature record: C_FEATURE:1c_function_prototypes
    Feature record: C_FEATURE:1c_restrict
    Feature record: C_FEATURE:0c_static_assert
    Feature record: C_FEATURE:1c_variadic_macros


Detecting C [-std=c90] compiler features compiled with the following output:
Change Dir: /home/javier/Code/cpp/systhemer/build/CMakeFiles/CMakeTmp

Run Build Command:"/usr/bin/make" "cmTC_b9e97/fast"
make[1]: Entering directory '/home/javier/Code/cpp/systhemer/build/CMakeFiles/CMakeTmp'
/usr/bin/make -f CMakeFiles/cmTC_b9e97.dir/build.make CMakeFiles/cmTC_b9e97.dir/build
make[2]: Entering directory '/home/javier/Code/cpp/systhemer/build/CMakeFiles/CMakeTmp'
Building C object CMakeFiles/cmTC_b9e97.dir/feature_tests.c.o
/usr/bin/cc_args.py  gcc   -std=c90 -o CMakeFiles/cmTC_b9e97.dir/feature_tests.c.o   -c /home/javier/Code/cpp/systhemer/build/CMakeFiles/feature_tests.c
Linking C executable cmTC_b9e97
/usr/bin/cmake -E cmake_link_script CMakeFiles/cmTC_b9e97.dir/link.txt --verbose=1
/usr/bin/cc_args.py  gcc      CMakeFiles/cmTC_b9e97.dir/feature_tests.c.o  -o cmTC_b9e97 -rdynamic 
make[2]: Leaving directory '/home/javier/Code/cpp/systhemer/build/CMakeFiles/CMakeTmp'
make[1]: Leaving directory '/home/javier/Code/cpp/systhemer/build/CMakeFiles/CMakeTmp'


    Feature record: C_FEATURE:1c_function_prototypes
    Feature record: C_FEATURE:0c_restrict
    Feature record: C_FEATURE:0c_static_assert
    Feature record: C_FEATURE:0c_variadic_macros
Determining if the CXX compiler works passed with the following output:
Change Dir: /home/javier/Code/cpp/systhemer/build/CMakeFiles/CMakeTmp

Run Build Command:"/usr/bin/make" "cmTC_b2f78/fast"
make[1]: Entering directory '/home/javier/Code/cpp/systhemer/build/CMakeFiles/CMakeTmp'
/usr/bin/make -f CMakeFiles/cmTC_b2f78.dir/build.make CMakeFiles/cmTC_b2f78.dir/build
make[2]: Entering directory '/home/javier/Code/cpp/systhemer/build/CMakeFiles/CMakeTmp'
Building CXX object CMakeFiles/cmTC_b2f78.dir/testCXXCompiler.cxx.o
/usr/bin/cc_args.py  g++     -o CMakeFiles/cmTC_b2f78.dir/testCXXCompiler.cxx.o -c /home/javier/Code/cpp/systhemer/build/CMakeFiles/CMakeTmp/testCXXCompiler.cxx
Linking CXX executable cmTC_b2f78
/usr/bin/cmake -E cmake_link_script CMakeFiles/cmTC_b2f78.dir/link.txt --verbose=1
/usr/bin/cc_args.py  g++       CMakeFiles/cmTC_b2f78.dir/testCXXCompiler.cxx.o  -o cmTC_b2f78 -rdynamic 
make[2]: Leaving directory '/home/javier/Code/cpp/systhemer/build/CMakeFiles/CMakeTmp'
make[1]: Leaving directory '/home/javier/Code/cpp/systhemer/build/CMakeFiles/CMakeTmp'


Detecting CXX compiler ABI info compiled with the following output:
Change Dir: /home/javier/Code/cpp/systhemer/build/CMakeFiles/CMakeTmp

Run Build Command:"/usr/bin/make" "cmTC_37bbb/fast"
make[1]: Entering directory '/home/javier/Code/cpp/systhemer/build/CMakeFiles/CMakeTmp'
/usr/bin/make -f CMakeFiles/cmTC_37bbb.dir/build.make CMakeFiles/cmTC_37bbb.dir/build
make[2]: Entering directory '/home/javier/Code/cpp/systhemer/build/CMakeFiles/CMakeTmp'
Building CXX object CMakeFiles/cmTC_37bbb.dir/CMakeCXXCompilerABI.cpp.o
/usr/bin/cc_args.py  g++     -o CMakeFiles/cmTC_37bbb.dir/CMakeCXXCompilerABI.cpp.o -c /usr/share/cmake-3.6/Modules/CMakeCXXCompilerABI.cpp
Linking CXX executable cmTC_37bbb
/usr/bin/cmake -E cmake_link_script CMakeFiles/cmTC_37bbb.dir/link.txt --verbose=1
/usr/bin/cc_args.py  g++      -v CMakeFiles/cmTC_37bbb.dir/CMakeCXXCompilerABI.cpp.o  -o cmTC_37bbb -rdynamic  
Using built-in specs.
COLLECT_GCC=g++
COLLECT_LTO_WRAPPER=/usr/lib/gcc/x86_64-pc-linux-gnu/6.1.1/lto-wrapper
Target: x86_64-pc-linux-gnu
Configured with: /build/gcc-multilib/src/gcc/configure --prefix=/usr --libdir=/usr/lib --libexecdir=/usr/lib --mandir=/usr/share/man --infodir=/usr/share/info --with-bugurl=https://bugs.archlinux.org/ --enable-languages=c,c++,ada,fortran,go,lto,objc,obj-c++ --enable-shared --enable-threads=posix --enable-libmpx --with-system-zlib --with-isl --enable-__cxa_atexit --disable-libunwind-exceptions --enable-clocale=gnu --disable-libstdcxx-pch --disable-libssp --enable-gnu-unique-object --enable-linker-build-id --enable-lto --enable-plugin --enable-install-libiberty --with-linker-hash-style=gnu --enable-gnu-indirect-function --enable-multilib --disable-werror --enable-checking=release
Thread model: posix
gcc version 6.1.1 20160802 (GCC) 
COMPILER_PATH=/usr/lib/gcc/x86_64-pc-linux-gnu/6.1.1/:/usr/lib/gcc/x86_64-pc-linux-gnu/6.1.1/:/usr/lib/gcc/x86_64-pc-linux-gnu/:/usr/lib/gcc/x86_64-pc-linux-gnu/6.1.1/:/usr/lib/gcc/x86_64-pc-linux-gnu/
LIBRARY_PATH=/usr/lib/gcc/x86_64-pc-linux-gnu/6.1.1/:/usr/lib/gcc/x86_64-pc-linux-gnu/6.1.1/../../../../lib/:/lib/../lib/:/usr/lib/../lib/:/usr/lib/gcc/x86_64-pc-linux-gnu/6.1.1/../../../:/lib/:/usr/lib/
COLLECT_GCC_OPTIONS='-v' '-o' 'cmTC_37bbb' '-rdynamic' '-shared-libgcc' '-mtune=generic' '-march=x86-64'
 /usr/lib/gcc/x86_64-pc-linux-gnu/6.1.1/collect2 -plugin /usr/lib/gcc/x86_64-pc-linux-gnu/6.1.1/liblto_plugin.so -plugin-opt=/usr/lib/gcc/x86_64-pc-linux-gnu/6.1.1/lto-wrapper -plugin-opt=-fresolution=/tmp/ccsOGWQ3.res -plugin-opt=-pass-through=-lgcc_s -plugin-opt=-pass-through=-lgcc -plugin-opt=-pass-through=-lc -plugin-opt=-pass-through=-lgcc_s -plugin-opt=-pass-through=-lgcc --build-id --eh-frame-hdr --hash-style=gnu -m elf_x86_64 -export-dynamic -dynamic-linker /lib64/ld-linux-x86-64.so.2 -o cmTC_37bbb /usr/lib/gcc/x86_64-pc-linux-gnu/6.1.1/../../../../lib/crt1.o /usr/lib/gcc/x86_64-pc-linux-gnu/6.1.1/../../../../lib/crti.o /usr/lib/gcc/x86_64-pc-linux-gnu/6.1.1/crtbegin.o -L/usr/lib/gcc/x86_64-pc-linux-gnu/6.1.1 -L/usr/lib/gcc/x86_64-pc-linux-gnu/6.1.1/../../../../lib -L/lib/../lib -L/usr/lib/../lib -L/usr/lib/gcc/x86_64-pc-linux-gnu/6.1.1/../../.. CMakeFiles/cmTC_37bbb.dir/CMakeCXXCompilerABI.cpp.o -lstdc++ -lm -lgcc_s -lgcc -lc -lgcc_s -lgcc /usr/lib/gcc/x86_64-pc-linux-gnu/6.1.1/crtend.o /usr/lib/gcc/x86_64-pc-linux-gnu/6.1.1/../../../../lib/crtn.o
COLLECT_GCC_OPTIONS='-v' '-o' 'cmTC_37bbb' '-rdynamic' '-shared-libgcc' '-mtune=generic' '-march=x86-64'
make[2]: Leaving directory '/home/javier/Code/cpp/systhemer/build/CMakeFiles/CMakeTmp'
make[1]: Leaving directory '/home/javier/Code/cpp/systhemer/build/CMakeFiles/CMakeTmp'


Parsed CXX implicit link information from above output:
  link line regex: [^( *|.*[/\])(ld|([^/\]+-)?ld|collect2)[^/\]*( |$)]
  ignore line: [Change Dir: /home/javier/Code/cpp/systhemer/build/CMakeFiles/CMakeTmp]
  ignore line: []
  ignore line: [Run Build Command:"/usr/bin/make" "cmTC_37bbb/fast"]
  ignore line: [make[1]: Entering directory '/home/javier/Code/cpp/systhemer/build/CMakeFiles/CMakeTmp']
  ignore line: [/usr/bin/make -f CMakeFiles/cmTC_37bbb.dir/build.make CMakeFiles/cmTC_37bbb.dir/build]
  ignore line: [make[2]: Entering directory '/home/javier/Code/cpp/systhemer/build/CMakeFiles/CMakeTmp']
  ignore line: [Building CXX object CMakeFiles/cmTC_37bbb.dir/CMakeCXXCompilerABI.cpp.o]
  ignore line: [/usr/bin/cc_args.py  g++     -o CMakeFiles/cmTC_37bbb.dir/CMakeCXXCompilerABI.cpp.o -c /usr/share/cmake-3.6/Modules/CMakeCXXCompilerABI.cpp]
  ignore line: [Linking CXX executable cmTC_37bbb]
  ignore line: [/usr/bin/cmake -E cmake_link_script CMakeFiles/cmTC_37bbb.dir/link.txt --verbose=1]
  ignore line: [/usr/bin/cc_args.py  g++      -v CMakeFiles/cmTC_37bbb.dir/CMakeCXXCompilerABI.cpp.o  -o cmTC_37bbb -rdynamic  ]
  ignore line: [Using built-in specs.]
  ignore line: [COLLECT_GCC=g++]
  ignore line: [COLLECT_LTO_WRAPPER=/usr/lib/gcc/x86_64-pc-linux-gnu/6.1.1/lto-wrapper]
  ignore line: [Target: x86_64-pc-linux-gnu]
  ignore line: [Configured with: /build/gcc-multilib/src/gcc/configure --prefix=/usr --libdir=/usr/lib --libexecdir=/usr/lib --mandir=/usr/share/man --infodir=/usr/share/info --with-bugurl=https://bugs.archlinux.org/ --enable-languages=c,c++,ada,fortran,go,lto,objc,obj-c++ --enable-shared --enable-threads=posix --enable-libmpx --with-system-zlib --with-isl --enable-__cxa_atexit --disable-libunwind-exceptions --enable-clocale=gnu --disable-libstdcxx-pch --disable-libssp --enable-gnu-unique-object --enable-linker-build-id --enable-lto --enable-plugin --enable-install-libiberty --with-linker-hash-style=gnu --enable-gnu-indirect-function --enable-multilib --disable-werror --enable-checking=release]
  ignore line: [Thread model: posix]
  ignore line: [gcc version 6.1.1 20160802 (GCC) ]
  ignore line: [COMPILER_PATH=/usr/lib/gcc/x86_64-pc-linux-gnu/6.1.1/:/usr/lib/gcc/x86_64-pc-linux-gnu/6.1.1/:/usr/lib/gcc/x86_64-pc-linux-gnu/:/usr/lib/gcc/x86_64-pc-linux-gnu/6.1.1/:/usr/lib/gcc/x86_64-pc-linux-gnu/]
  ignore line: [LIBRARY_PATH=/usr/lib/gcc/x86_64-pc-linux-gnu/6.1.1/:/usr/lib/gcc/x86_64-pc-linux-gnu/6.1.1/../../../../lib/:/lib/../lib/:/usr/lib/../lib/:/usr/lib/gcc/x86_64-pc-linux-gnu/6.1.1/../../../:/lib/:/usr/lib/]
  ignore line: [COLLECT_GCC_OPTIONS='-v' '-o' 'cmTC_37bbb' '-rdynamic' '-shared-libgcc' '-mtune=generic' '-march=x86-64']
  link line: [ /usr/lib/gcc/x86_64-pc-linux-gnu/6.1.1/collect2 -plugin /usr/lib/gcc/x86_64-pc-linux-gnu/6.1.1/liblto_plugin.so -plugin-opt=/usr/lib/gcc/x86_64-pc-linux-gnu/6.1.1/lto-wrapper -plugin-opt=-fresolution=/tmp/ccsOGWQ3.res -plugin-opt=-pass-through=-lgcc_s -plugin-opt=-pass-through=-lgcc -plugin-opt=-pass-through=-lc -plugin-opt=-pass-through=-lgcc_s -plugin-opt=-pass-through=-lgcc --build-id --eh-frame-hdr --hash-style=gnu -m elf_x86_64 -export-dynamic -dynamic-linker /lib64/ld-linux-x86-64.so.2 -o cmTC_37bbb /usr/lib/gcc/x86_64-pc-linux-gnu/6.1.1/../../../../lib/crt1.o /usr/lib/gcc/x86_64-pc-linux-gnu/6.1.1/../../../../lib/crti.o /usr/lib/gcc/x86_64-pc-linux-gnu/6.1.1/crtbegin.o -L/usr/lib/gcc/x86_64-pc-linux-gnu/6.1.1 -L/usr/lib/gcc/x86_64-pc-linux-gnu/6.1.1/../../../../lib -L/lib/../lib -L/usr/lib/../lib -L/usr/lib/gcc/x86_64-pc-linux-gnu/6.1.1/../../.. CMakeFiles/cmTC_37bbb.dir/CMakeCXXCompilerABI.cpp.o -lstdc++ -lm -lgcc_s -lgcc -lc -lgcc_s -lgcc /usr/lib/gcc/x86_64-pc-linux-gnu/6.1.1/crtend.o /usr/lib/gcc/x86_64-pc-linux-gnu/6.1.1/../../../../lib/crtn.o]
    arg [/usr/lib/gcc/x86_64-pc-linux-gnu/6.1.1/collect2] ==> ignore
    arg [-plugin] ==> ignore
    arg [/usr/lib/gcc/x86_64-pc-linux-gnu/6.1.1/liblto_plugin.so] ==> ignore
    arg [-plugin-opt=/usr/lib/gcc/x86_64-pc-linux-gnu/6.1.1/lto-wrapper] ==> ignore
    arg [-plugin-opt=-fresolution=/tmp/ccsOGWQ3.res] ==> ignore
    arg [-plugin-opt=-pass-through=-lgcc_s] ==> ignore
    arg [-plugin-opt=-pass-through=-lgcc] ==> ignore
    arg [-plugin-opt=-pass-through=-lc] ==> ignore
    arg [-plugin-opt=-pass-through=-lgcc_s] ==> ignore
    arg [-plugin-opt=-pass-through=-lgcc] ==> ignore
    arg [--build-id] ==> ignore
    arg [--eh-frame-hdr] ==> ignore
    arg [--hash-style=gnu] ==> ignore
    arg [-m] ==> ignore
    arg [elf_x86_64] ==> ignore
    arg [-export-dynamic] ==> ignore
    arg [-dynamic-linker] ==> ignore
    arg [/lib64/ld-linux-x86-64.so.2] ==> ignore
    arg [-o] ==> ignore
    arg [cmTC_37bbb] ==> ignore
    arg [/usr/lib/gcc/x86_64-pc-linux-gnu/6.1.1/../../../../lib/crt1.o] ==> ignore
    arg [/usr/lib/gcc/x86_64-pc-linux-gnu/6.1.1/../../../../lib/crti.o] ==> ignore
    arg [/usr/lib/gcc/x86_64-pc-linux-gnu/6.1.1/crtbegin.o] ==> ignore
    arg [-L/usr/lib/gcc/x86_64-pc-linux-gnu/6.1.1] ==> dir [/usr/lib/gcc/x86_64-pc-linux-gnu/6.1.1]
    arg [-L/usr/lib/gcc/x86_64-pc-linux-gnu/6.1.1/../../../../lib] ==> dir [/usr/lib/gcc/x86_64-pc-linux-gnu/6.1.1/../../../../lib]
    arg [-L/lib/../lib] ==> dir [/lib/../lib]
    arg [-L/usr/lib/../lib] ==> dir [/usr/lib/../lib]
    arg [-L/usr/lib/gcc/x86_64-pc-linux-gnu/6.1.1/../../..] ==> dir [/usr/lib/gcc/x86_64-pc-linux-gnu/6.1.1/../../..]
    arg [CMakeFiles/cmTC_37bbb.dir/CMakeCXXCompilerABI.cpp.o] ==> ignore
    arg [-lstdc++] ==> lib [stdc++]
    arg [-lm] ==> lib [m]
    arg [-lgcc_s] ==> lib [gcc_s]
    arg [-lgcc] ==> lib [gcc]
    arg [-lc] ==> lib [c]
    arg [-lgcc_s] ==> lib [gcc_s]
    arg [-lgcc] ==> lib [gcc]
    arg [/usr/lib/gcc/x86_64-pc-linux-gnu/6.1.1/crtend.o] ==> ignore
    arg [/usr/lib/gcc/x86_64-pc-linux-gnu/6.1.1/../../../../lib/crtn.o] ==> ignore
  remove lib [gcc_s]
  remove lib [gcc]
  remove lib [gcc_s]
  remove lib [gcc]
  collapse library dir [/usr/lib/gcc/x86_64-pc-linux-gnu/6.1.1] ==> [/usr/lib/gcc/x86_64-pc-linux-gnu/6.1.1]
  collapse library dir [/usr/lib/gcc/x86_64-pc-linux-gnu/6.1.1/../../../../lib] ==> [/usr/lib]
  collapse library dir [/lib/../lib] ==> [/lib]
  collapse library dir [/usr/lib/../lib] ==> [/usr/lib]
  collapse library dir [/usr/lib/gcc/x86_64-pc-linux-gnu/6.1.1/../../..] ==> [/usr/lib]
  implicit libs: [stdc++;m;c]
  implicit dirs: [/usr/lib/gcc/x86_64-pc-linux-gnu/6.1.1;/usr/lib;/lib]
  implicit fwks: []




Detecting CXX [-std=c++14] compiler features compiled with the following output:
Change Dir: /home/javier/Code/cpp/systhemer/build/CMakeFiles/CMakeTmp

Run Build Command:"/usr/bin/make" "cmTC_10d9f/fast"
make[1]: Entering directory '/home/javier/Code/cpp/systhemer/build/CMakeFiles/CMakeTmp'
/usr/bin/make -f CMakeFiles/cmTC_10d9f.dir/build.make CMakeFiles/cmTC_10d9f.dir/build
make[2]: Entering directory '/home/javier/Code/cpp/systhemer/build/CMakeFiles/CMakeTmp'
Building CXX object CMakeFiles/cmTC_10d9f.dir/feature_tests.cxx.o
/usr/bin/cc_args.py  g++    -std=c++14 -o CMakeFiles/cmTC_10d9f.dir/feature_tests.cxx.o -c /home/javier/Code/cpp/systhemer/build/CMakeFiles/feature_tests.cxx
Linking CXX executable cmTC_10d9f
/usr/bin/cmake -E cmake_link_script CMakeFiles/cmTC_10d9f.dir/link.txt --verbose=1
/usr/bin/cc_args.py  g++       CMakeFiles/cmTC_10d9f.dir/feature_tests.cxx.o  -o cmTC_10d9f -rdynamic 
make[2]: Leaving directory '/home/javier/Code/cpp/systhemer/build/CMakeFiles/CMakeTmp'
make[1]: Leaving directory '/home/javier/Code/cpp/systhemer/build/CMakeFiles/CMakeTmp'


    Feature record: CXX_FEATURE:1cxx_aggregate_default_initializers
    Feature record: CXX_FEATURE:1cxx_alias_templates
    Feature record: CXX_FEATURE:1cxx_alignas
    Feature record: CXX_FEATURE:1cxx_alignof
    Feature record: CXX_FEATURE:1cxx_attributes
    Feature record: CXX_FEATURE:1cxx_attribute_deprecated
    Feature record: CXX_FEATURE:1cxx_auto_type
    Feature record: CXX_FEATURE:1cxx_binary_literals
    Feature record: CXX_FEATURE:1cxx_constexpr
    Feature record: CXX_FEATURE:1cxx_contextual_conversions
    Feature record: CXX_FEATURE:1cxx_decltype
    Feature record: CXX_FEATURE:1cxx_decltype_auto
    Feature record: CXX_FEATURE:1cxx_decltype_incomplete_return_types
    Feature record: CXX_FEATURE:1cxx_default_function_template_args
    Feature record: CXX_FEATURE:1cxx_defaulted_functions
    Feature record: CXX_FEATURE:1cxx_defaulted_move_initializers
    Feature record: CXX_FEATURE:1cxx_delegating_constructors
    Feature record: CXX_FEATURE:1cxx_deleted_functions
    Feature record: CXX_FEATURE:1cxx_digit_separators
    Feature record: CXX_FEATURE:1cxx_enum_forward_declarations
    Feature record: CXX_FEATURE:1cxx_explicit_conversions
    Feature record: CXX_FEATURE:1cxx_extended_friend_declarations
    Feature record: CXX_FEATURE:1cxx_extern_templates
    Feature record: CXX_FEATURE:1cxx_final
    Feature record: CXX_FEATURE:1cxx_func_identifier
    Feature record: CXX_FEATURE:1cxx_generalized_initializers
    Feature record: CXX_FEATURE:1cxx_generic_lambdas
    Feature record: CXX_FEATURE:1cxx_inheriting_constructors
    Feature record: CXX_FEATURE:1cxx_inline_namespaces
    Feature record: CXX_FEATURE:1cxx_lambdas
    Feature record: CXX_FEATURE:1cxx_lambda_init_captures
    Feature record: CXX_FEATURE:1cxx_local_type_template_args
    Feature record: CXX_FEATURE:1cxx_long_long_type
    Feature record: CXX_FEATURE:1cxx_noexcept
    Feature record: CXX_FEATURE:1cxx_nonstatic_member_init
    Feature record: CXX_FEATURE:1cxx_nullptr
    Feature record: CXX_FEATURE:1cxx_override
    Feature record: CXX_FEATURE:1cxx_range_for
    Feature record: CXX_FEATURE:1cxx_raw_string_literals
    Feature record: CXX_FEATURE:1cxx_reference_qualified_functions
    Feature record: CXX_FEATURE:1cxx_relaxed_constexpr
    Feature record: CXX_FEATURE:1cxx_return_type_deduction
    Feature record: CXX_FEATURE:1cxx_right_angle_brackets
    Feature record: CXX_FEATURE:1cxx_rvalue_references
    Feature record: CXX_FEATURE:1cxx_sizeof_member
    Feature record: CXX_FEATURE:1cxx_static_assert
    Feature record: CXX_FEATURE:1cxx_strong_enums
    Feature record: CXX_FEATURE:1cxx_template_template_parameters
    Feature record: CXX_FEATURE:1cxx_thread_local
    Feature record: CXX_FEATURE:1cxx_trailing_return_types
    Feature record: CXX_FEATURE:1cxx_unicode_literals
    Feature record: CXX_FEATURE:1cxx_uniform_initialization
    Feature record: CXX_FEATURE:1cxx_unrestricted_unions
    Feature record: CXX_FEATURE:1cxx_user_literals
    Feature record: CXX_FEATURE:1cxx_variable_templates
    Feature record: CXX_FEATURE:1cxx_variadic_macros
    Feature record: CXX_FEATURE:1cxx_variadic_templates


Detecting CXX [-std=c++11] compiler features compiled with the following output:
Change Dir: /home/javier/Code/cpp/systhemer/build/CMakeFiles/CMakeTmp

Run Build Command:"/usr/bin/make" "cmTC_71fd4/fast"
make[1]: Entering directory '/home/javier/Code/cpp/systhemer/build/CMakeFiles/CMakeTmp'
/usr/bin/make -f CMakeFiles/cmTC_71fd4.dir/build.make CMakeFiles/cmTC_71fd4.dir/build
make[2]: Entering directory '/home/javier/Code/cpp/systhemer/build/CMakeFiles/CMakeTmp'
Building CXX object CMakeFiles/cmTC_71fd4.dir/feature_tests.cxx.o
/usr/bin/cc_args.py  g++    -std=c++11 -o CMakeFiles/cmTC_71fd4.dir/feature_tests.cxx.o -c /home/javier/Code/cpp/systhemer/build/CMakeFiles/feature_tests.cxx
Linking CXX executable cmTC_71fd4
/usr/bin/cmake -E cmake_link_script CMakeFiles/cmTC_71fd4.dir/link.txt --verbose=1
/usr/bin/cc_args.py  g++       CMakeFiles/cmTC_71fd4.dir/feature_tests.cxx.o  -o cmTC_71fd4 -rdynamic 
make[2]: Leaving directory '/home/javier/Code/cpp/systhemer/build/CMakeFiles/CMakeTmp'
make[1]: Leaving directory '/home/javier/Code/cpp/systhemer/build/CMakeFiles/CMakeTmp'


    Feature record: CXX_FEATURE:0cxx_aggregate_default_initializers
    Feature record: CXX_FEATURE:1cxx_alias_templates
    Feature record: CXX_FEATURE:1cxx_alignas
    Feature record: CXX_FEATURE:1cxx_alignof
    Feature record: CXX_FEATURE:1cxx_attributes
    Feature record: CXX_FEATURE:0cxx_attribute_deprecated
    Feature record: CXX_FEATURE:1cxx_auto_type
    Feature record: CXX_FEATURE:0cxx_binary_literals
    Feature record: CXX_FEATURE:1cxx_constexpr
    Feature record: CXX_FEATURE:0cxx_contextual_conversions
    Feature record: CXX_FEATURE:1cxx_decltype
    Feature record: CXX_FEATURE:0cxx_decltype_auto
    Feature record: CXX_FEATURE:1cxx_decltype_incomplete_return_types
    Feature record: CXX_FEATURE:1cxx_default_function_template_args
    Feature record: CXX_FEATURE:1cxx_defaulted_functions
    Feature record: CXX_FEATURE:1cxx_defaulted_move_initializers
    Feature record: CXX_FEATURE:1cxx_delegating_constructors
    Feature record: CXX_FEATURE:1cxx_deleted_functions
    Feature record: CXX_FEATURE:0cxx_digit_separators
    Feature record: CXX_FEATURE:1cxx_enum_forward_declarations
    Feature record: CXX_FEATURE:1cxx_explicit_conversions
    Feature record: CXX_FEATURE:1cxx_extended_friend_declarations
    Feature record: CXX_FEATURE:1cxx_extern_templates
    Feature record: CXX_FEATURE:1cxx_final
    Feature record: CXX_FEATURE:1cxx_func_identifier
    Feature record: CXX_FEATURE:1cxx_generalized_initializers
    Feature record: CXX_FEATURE:0cxx_generic_lambdas
    Feature record: CXX_FEATURE:1cxx_inheriting_constructors
    Feature record: CXX_FEATURE:1cxx_inline_namespaces
    Feature record: CXX_FEATURE:1cxx_lambdas
    Feature record: CXX_FEATURE:0cxx_lambda_init_captures
    Feature record: CXX_FEATURE:1cxx_local_type_template_args
    Feature record: CXX_FEATURE:1cxx_long_long_type
    Feature record: CXX_FEATURE:1cxx_noexcept
    Feature record: CXX_FEATURE:1cxx_nonstatic_member_init
    Feature record: CXX_FEATURE:1cxx_nullptr
    Feature record: CXX_FEATURE:1cxx_override
    Feature record: CXX_FEATURE:1cxx_range_for
    Feature record: CXX_FEATURE:1cxx_raw_string_literals
    Feature record: CXX_FEATURE:1cxx_reference_qualified_functions
    Feature record: CXX_FEATURE:0cxx_relaxed_constexpr
    Feature record: CXX_FEATURE:0cxx_return_type_deduction
    Feature record: CXX_FEATURE:1cxx_right_angle_brackets
    Feature record: CXX_FEATURE:1cxx_rvalue_references
    Feature record: CXX_FEATURE:1cxx_sizeof_member
    Feature record: CXX_FEATURE:1cxx_static_assert
    Feature record: CXX_FEATURE:1cxx_strong_enums
    Feature record: CXX_FEATURE:1cxx_template_template_parameters
    Feature record: CXX_FEATURE:1cxx_thread_local
    Feature record: CXX_FEATURE:1cxx_trailing_return_types
    Feature record: CXX_FEATURE:1cxx_unicode_literals
    Feature record: CXX_FEATURE:1cxx_uniform_initialization
    Feature record: CXX_FEATURE:1cxx_unrestricted_unions
    Feature record: CXX_FEATURE:1cxx_user_literals
    Feature record: CXX_FEATURE:0cxx_variable_templates
    Feature record: CXX_FEATURE:1cxx_variadic_macros
    Feature record: CXX_FEATURE:1cxx_variadic_templates


Detecting CXX [-std=c++98] compiler features compiled with the following output:
Change Dir: /home/javier/Code/cpp/systhemer/build/CMakeFiles/CMakeTmp

Run Build Command:"/usr/bin/make" "cmTC_f3ca7/fast"
make[1]: Entering directory '/home/javier/Code/cpp/systhemer/build/CMakeFiles/CMakeTmp'
/usr/bin/make -f CMakeFiles/cmTC_f3ca7.dir/build.make CMakeFiles/cmTC_f3ca7.dir/build
make[2]: Entering directory '/home/javier/Code/cpp/systhemer/build/CMakeFiles/CMakeTmp'
Building CXX object CMakeFiles/cmTC_f3ca7.dir/feature_tests.cxx.o
/usr/bin/cc_args.py  g++    -std=c++98 -o CMakeFiles/cmTC_f3ca7.dir/feature_tests.cxx.o -c /home/javier/Code/cpp/systhemer/build/CMakeFiles/feature_tests.cxx
Linking CXX executable cmTC_f3ca7
/usr/bin/cmake -E cmake_link_script CMakeFiles/cmTC_f3ca7.dir/link.txt --verbose=1
/usr/bin/cc_args.py  g++       CMakeFiles/cmTC_f3ca7.dir/feature_tests.cxx.o  -o cmTC_f3ca7 -rdynamic 
make[2]: Leaving directory '/home/javier/Code/cpp/systhemer/build/CMakeFiles/CMakeTmp'
make[1]: Leaving directory '/home/javier/Code/cpp/systhemer/build/CMakeFiles/CMakeTmp'


    Feature record: CXX_FEATURE:0cxx_aggregate_default_initializers
    Feature record: CXX_FEATURE:0cxx_alias_templates
    Feature record: CXX_FEATURE:0cxx_alignas
    Feature record: CXX_FEATURE:0cxx_alignof
    Feature record: CXX_FEATURE:0cxx_attributes
    Feature record: CXX_FEATURE:0cxx_attribute_deprecated
    Feature record: CXX_FEATURE:0cxx_auto_type
    Feature record: CXX_FEATURE:0cxx_binary_literals
    Feature record: CXX_FEATURE:0cxx_constexpr
    Feature record: CXX_FEATURE:0cxx_contextual_conversions
    Feature record: CXX_FEATURE:0cxx_decltype
    Feature record: CXX_FEATURE:0cxx_decltype_auto
    Feature record: CXX_FEATURE:0cxx_decltype_incomplete_return_types
    Feature record: CXX_FEATURE:0cxx_default_function_template_args
    Feature record: CXX_FEATURE:0cxx_defaulted_functions
    Feature record: CXX_FEATURE:0cxx_defaulted_move_initializers
    Feature record: CXX_FEATURE:0cxx_delegating_constructors
    Feature record: CXX_FEATURE:0cxx_deleted_functions
    Feature record: CXX_FEATURE:0cxx_digit_separators
    Feature record: CXX_FEATURE:0cxx_enum_forward_declarations
    Feature record: CXX_FEATURE:0cxx_explicit_conversions
    Feature record: CXX_FEATURE:0cxx_extended_friend_declarations
    Feature record: CXX_FEATURE:0cxx_extern_templates
    Feature record: CXX_FEATURE:0cxx_final
    Feature record: CXX_FEATURE:0cxx_func_identifier
    Feature record: CXX_FEATURE:0cxx_generalized_initializers
    Feature record: CXX_FEATURE:0cxx_generic_lambdas
    Feature record: CXX_FEATURE:0cxx_inheriting_constructors
    Feature record: CXX_FEATURE:0cxx_inline_namespaces
    Feature record: CXX_FEATURE:0cxx_lambdas
    Feature record: CXX_FEATURE:0cxx_lambda_init_captures
    Feature record: CXX_FEATURE:0cxx_local_type_template_args
    Feature record: CXX_FEATURE:0cxx_long_long_type
    Feature record: CXX_FEATURE:0cxx_noexcept
    Feature record: CXX_FEATURE:0cxx_nonstatic_member_init
    Feature record: CXX_FEATURE:0cxx_nullptr
    Feature record: CXX_FEATURE:0cxx_override
    Feature record: CXX_FEATURE:0cxx_range_for
    Feature record: CXX_FEATURE:0cxx_raw_string_literals
    Feature record: CXX_FEATURE:0cxx_reference_qualified_functions
    Feature record: CXX_FEATURE:0cxx_relaxed_constexpr
    Feature record: CXX_FEATURE:0cxx_return_type_deduction
    Feature record: CXX_FEATURE:0cxx_right_angle_brackets
    Feature record: CXX_FEATURE:0cxx_rvalue_references
    Feature record: CXX_FEATURE:0cxx_sizeof_member
    Feature record: CXX_FEATURE:0cxx_static_assert
    Feature record: CXX_FEATURE:0cxx_strong_enums
    Feature record: CXX_FEATURE:1cxx_template_template_parameters
    Feature record: CXX_FEATURE:0cxx_thread_local
    Feature record: CXX_FEATURE:0cxx_trailing_return_types
    Feature record: CXX_FEATURE:0cxx_unicode_literals
    Feature record: CXX_FEATURE:0cxx_uniform_initialization
    Feature record: CXX_FEATURE:0cxx_unrestricted_unions
    Feature record: CXX_FEATURE:0cxx_user_literals
    Feature record: CXX_FEATURE:0cxx_variable_templates
    Feature record: CXX_FEATURE:0cxx_variadic_macros
    Feature record: CXX_FEATURE:0cxx_variadic_templates
